
*** Running vivado
    with args -log system_xbar_3.vds -m64 -product Vivado -mode batch -messageDb vivado.pb -notrace -source system_xbar_3.tcl


****** Vivado v2021.1 (64-bit)
  **** SW Build 3247384 on Thu Jun 10 19:36:07 MDT 2021
  **** IP Build 3246043 on Fri Jun 11 00:30:35 MDT 2021
    ** Copyright 1986-2021 Xilinx, Inc. All Rights Reserved.

source system_xbar_3.tcl -notrace
INFO: [IP_Flow 19-234] Refreshing IP repositories
INFO: [IP_Flow 19-1700] Loaded user IP repository '/home/software/digilent'.
INFO: [IP_Flow 19-1700] Loaded user IP repository '/home/user/final-project/final-project-vivado/ip'.
INFO: [IP_Flow 19-1700] Loaded user IP repository '/home/user/Downloads/hw/hw.ipdefs/repo'.
INFO: [IP_Flow 19-2313] Loaded Vivado IP repository '/home/software/Xilinx/Vivado/2021.1/data/ip'.
WARNING: [IP_Flow 19-1663] Duplicate IP found for 'digilentinc.com:IP:PmodOLEDrgb:1.0'. The one found in IP location '/home/software/digilent/ip/Pmods/pmodOLEDrgb_v1_0' will take precedence over the same IP in location /home/user/final-project/final-project-vivado/ip/pmodOLEDrgb_v1_0
WARNING: [IP_Flow 19-1663] Duplicate IP found for 'digilentinc.com:ip:pmod_bridge:1.0'. The one found in IP location '/home/software/digilent/ip/Pmods/Pmod_Bridge_v1_0' will take precedence over the same IP in location /home/user/final-project/final-project-vivado/ip/Pmod_Bridge_v1_0
WARNING: [IP_Flow 19-1663] Duplicate IP found for 'digilentinc.com:IP:PmodOLED:1.0'. The one found in IP location '/home/software/digilent/ip/Pmods/PmodOLED_v1_0' will take precedence over the same IP in location /home/user/final-project/final-project-vivado/ip/PmodOLED_v1_0
Command: synth_design -top system_xbar_3 -part xc7z010clg400-1 -mode out_of_context
Starting synth_design
Attempting to get a license for feature 'Synthesis' and/or device 'xc7z010'
INFO: [Common 17-349] Got license for feature 'Synthesis' and/or device 'xc7z010'
INFO: [Device 21-403] Loading part xc7z010clg400-1
INFO: [Synth 8-7079] Multithreading enabled for synth_design using a maximum of 4 processes.
INFO: [Synth 8-7078] Launching helper process for spawning children vivado processes
INFO: [Synth 8-7075] Helper process launched with PID 238775
---------------------------------------------------------------------------------
Starting RTL Elaboration : Time (s): cpu = 00:00:06 ; elapsed = 00:00:15 . Memory (MB): peak = 2422.352 ; gain = 0.000 ; free physical = 172 ; free virtual = 12858
---------------------------------------------------------------------------------
INFO: [Synth 8-6157] synthesizing module 'system_xbar_3' [/home/user/final-project/final-project-vivado/audio-mixer/audio-mixer.gen/sources_1/bd/system/ip/system_xbar_3/synth/system_xbar_3.v:59]
INFO: [Synth 8-6157] synthesizing module 'axi_crossbar_v2_1_25_axi_crossbar' [/home/user/final-project/final-project-vivado/audio-mixer/audio-mixer.gen/sources_1/bd/system/ipshared/3917/hdl/axi_crossbar_v2_1_vl_rfs.v:4884]
INFO: [Synth 8-6157] synthesizing module 'axi_crossbar_v2_1_25_crossbar_sasd' [/home/user/final-project/final-project-vivado/audio-mixer/audio-mixer.gen/sources_1/bd/system/ipshared/3917/hdl/axi_crossbar_v2_1_vl_rfs.v:1240]
INFO: [Synth 8-6157] synthesizing module 'axi_crossbar_v2_1_25_addr_decoder' [/home/user/final-project/final-project-vivado/audio-mixer/audio-mixer.gen/sources_1/bd/system/ipshared/3917/hdl/axi_crossbar_v2_1_vl_rfs.v:794]
INFO: [Synth 8-6157] synthesizing module 'generic_baseblocks_v2_1_0_comparator_static' [/home/user/final-project/final-project-vivado/audio-mixer/audio-mixer.gen/sources_1/bd/system/ipshared/b752/hdl/generic_baseblocks_v2_1_vl_rfs.v:2133]
INFO: [Synth 8-6157] synthesizing module 'generic_baseblocks_v2_1_0_carry_and' [/home/user/final-project/final-project-vivado/audio-mixer/audio-mixer.gen/sources_1/bd/system/ipshared/b752/hdl/generic_baseblocks_v2_1_vl_rfs.v:62]
INFO: [Synth 8-6155] done synthesizing module 'generic_baseblocks_v2_1_0_carry_and' (1#1) [/home/user/final-project/final-project-vivado/audio-mixer/audio-mixer.gen/sources_1/bd/system/ipshared/b752/hdl/generic_baseblocks_v2_1_vl_rfs.v:62]
INFO: [Synth 8-6155] done synthesizing module 'generic_baseblocks_v2_1_0_comparator_static' (2#1) [/home/user/final-project/final-project-vivado/audio-mixer/audio-mixer.gen/sources_1/bd/system/ipshared/b752/hdl/generic_baseblocks_v2_1_vl_rfs.v:2133]
INFO: [Synth 8-6157] synthesizing module 'generic_baseblocks_v2_1_0_comparator_static__parameterized0' [/home/user/final-project/final-project-vivado/audio-mixer/audio-mixer.gen/sources_1/bd/system/ipshared/b752/hdl/generic_baseblocks_v2_1_vl_rfs.v:2133]
INFO: [Synth 8-6155] done synthesizing module 'generic_baseblocks_v2_1_0_comparator_static__parameterized0' (2#1) [/home/user/final-project/final-project-vivado/audio-mixer/audio-mixer.gen/sources_1/bd/system/ipshared/b752/hdl/generic_baseblocks_v2_1_vl_rfs.v:2133]
INFO: [Synth 8-6157] synthesizing module 'generic_baseblocks_v2_1_0_comparator_static__parameterized1' [/home/user/final-project/final-project-vivado/audio-mixer/audio-mixer.gen/sources_1/bd/system/ipshared/b752/hdl/generic_baseblocks_v2_1_vl_rfs.v:2133]
INFO: [Synth 8-6155] done synthesizing module 'generic_baseblocks_v2_1_0_comparator_static__parameterized1' (2#1) [/home/user/final-project/final-project-vivado/audio-mixer/audio-mixer.gen/sources_1/bd/system/ipshared/b752/hdl/generic_baseblocks_v2_1_vl_rfs.v:2133]
INFO: [Synth 8-6157] synthesizing module 'generic_baseblocks_v2_1_0_comparator_static__parameterized2' [/home/user/final-project/final-project-vivado/audio-mixer/audio-mixer.gen/sources_1/bd/system/ipshared/b752/hdl/generic_baseblocks_v2_1_vl_rfs.v:2133]
INFO: [Synth 8-6155] done synthesizing module 'generic_baseblocks_v2_1_0_comparator_static__parameterized2' (2#1) [/home/user/final-project/final-project-vivado/audio-mixer/audio-mixer.gen/sources_1/bd/system/ipshared/b752/hdl/generic_baseblocks_v2_1_vl_rfs.v:2133]
INFO: [Synth 8-6157] synthesizing module 'generic_baseblocks_v2_1_0_comparator_static__parameterized3' [/home/user/final-project/final-project-vivado/audio-mixer/audio-mixer.gen/sources_1/bd/system/ipshared/b752/hdl/generic_baseblocks_v2_1_vl_rfs.v:2133]
INFO: [Synth 8-6155] done synthesizing module 'generic_baseblocks_v2_1_0_comparator_static__parameterized3' (2#1) [/home/user/final-project/final-project-vivado/audio-mixer/audio-mixer.gen/sources_1/bd/system/ipshared/b752/hdl/generic_baseblocks_v2_1_vl_rfs.v:2133]
INFO: [Synth 8-6157] synthesizing module 'generic_baseblocks_v2_1_0_comparator_static__parameterized4' [/home/user/final-project/final-project-vivado/audio-mixer/audio-mixer.gen/sources_1/bd/system/ipshared/b752/hdl/generic_baseblocks_v2_1_vl_rfs.v:2133]
INFO: [Synth 8-6155] done synthesizing module 'generic_baseblocks_v2_1_0_comparator_static__parameterized4' (2#1) [/home/user/final-project/final-project-vivado/audio-mixer/audio-mixer.gen/sources_1/bd/system/ipshared/b752/hdl/generic_baseblocks_v2_1_vl_rfs.v:2133]
INFO: [Synth 8-6155] done synthesizing module 'axi_crossbar_v2_1_25_addr_decoder' (3#1) [/home/user/final-project/final-project-vivado/audio-mixer/audio-mixer.gen/sources_1/bd/system/ipshared/3917/hdl/axi_crossbar_v2_1_vl_rfs.v:794]
INFO: [Synth 8-6157] synthesizing module 'axi_crossbar_v2_1_25_decerr_slave' [/home/user/final-project/final-project-vivado/audio-mixer/audio-mixer.gen/sources_1/bd/system/ipshared/3917/hdl/axi_crossbar_v2_1_vl_rfs.v:3501]
INFO: [Synth 8-6155] done synthesizing module 'axi_crossbar_v2_1_25_decerr_slave' (4#1) [/home/user/final-project/final-project-vivado/audio-mixer/audio-mixer.gen/sources_1/bd/system/ipshared/3917/hdl/axi_crossbar_v2_1_vl_rfs.v:3501]
INFO: [Synth 8-6157] synthesizing module 'axi_crossbar_v2_1_25_addr_arbiter_sasd' [/home/user/final-project/final-project-vivado/audio-mixer/audio-mixer.gen/sources_1/bd/system/ipshared/3917/hdl/axi_crossbar_v2_1_vl_rfs.v:65]
INFO: [Synth 8-6155] done synthesizing module 'axi_crossbar_v2_1_25_addr_arbiter_sasd' (5#1) [/home/user/final-project/final-project-vivado/audio-mixer/audio-mixer.gen/sources_1/bd/system/ipshared/3917/hdl/axi_crossbar_v2_1_vl_rfs.v:65]
INFO: [Synth 8-6157] synthesizing module 'axi_crossbar_v2_1_25_splitter' [/home/user/final-project/final-project-vivado/audio-mixer/audio-mixer.gen/sources_1/bd/system/ipshared/3917/hdl/axi_crossbar_v2_1_vl_rfs.v:4461]
INFO: [Synth 8-6155] done synthesizing module 'axi_crossbar_v2_1_25_splitter' (6#1) [/home/user/final-project/final-project-vivado/audio-mixer/audio-mixer.gen/sources_1/bd/system/ipshared/3917/hdl/axi_crossbar_v2_1_vl_rfs.v:4461]
INFO: [Synth 8-6157] synthesizing module 'axi_crossbar_v2_1_25_splitter__parameterized0' [/home/user/final-project/final-project-vivado/audio-mixer/audio-mixer.gen/sources_1/bd/system/ipshared/3917/hdl/axi_crossbar_v2_1_vl_rfs.v:4461]
INFO: [Synth 8-6155] done synthesizing module 'axi_crossbar_v2_1_25_splitter__parameterized0' (6#1) [/home/user/final-project/final-project-vivado/audio-mixer/audio-mixer.gen/sources_1/bd/system/ipshared/3917/hdl/axi_crossbar_v2_1_vl_rfs.v:4461]
INFO: [Synth 8-6157] synthesizing module 'generic_baseblocks_v2_1_0_mux_enc' [/home/user/final-project/final-project-vivado/audio-mixer/audio-mixer.gen/sources_1/bd/system/ipshared/b752/hdl/generic_baseblocks_v2_1_vl_rfs.v:2452]
INFO: [Synth 8-6155] done synthesizing module 'generic_baseblocks_v2_1_0_mux_enc' (7#1) [/home/user/final-project/final-project-vivado/audio-mixer/audio-mixer.gen/sources_1/bd/system/ipshared/b752/hdl/generic_baseblocks_v2_1_vl_rfs.v:2452]
INFO: [Synth 8-6157] synthesizing module 'generic_baseblocks_v2_1_0_mux_enc__parameterized0' [/home/user/final-project/final-project-vivado/audio-mixer/audio-mixer.gen/sources_1/bd/system/ipshared/b752/hdl/generic_baseblocks_v2_1_vl_rfs.v:2452]
INFO: [Synth 8-6155] done synthesizing module 'generic_baseblocks_v2_1_0_mux_enc__parameterized0' (7#1) [/home/user/final-project/final-project-vivado/audio-mixer/audio-mixer.gen/sources_1/bd/system/ipshared/b752/hdl/generic_baseblocks_v2_1_vl_rfs.v:2452]
INFO: [Synth 8-6157] synthesizing module 'generic_baseblocks_v2_1_0_mux_enc__parameterized1' [/home/user/final-project/final-project-vivado/audio-mixer/audio-mixer.gen/sources_1/bd/system/ipshared/b752/hdl/generic_baseblocks_v2_1_vl_rfs.v:2452]
INFO: [Synth 8-6155] done synthesizing module 'generic_baseblocks_v2_1_0_mux_enc__parameterized1' (7#1) [/home/user/final-project/final-project-vivado/audio-mixer/audio-mixer.gen/sources_1/bd/system/ipshared/b752/hdl/generic_baseblocks_v2_1_vl_rfs.v:2452]
INFO: [Synth 8-6157] synthesizing module 'axi_register_slice_v2_1_24_axic_register_slice' [/home/user/final-project/final-project-vivado/audio-mixer/audio-mixer.gen/sources_1/bd/system/ipshared/8f68/hdl/axi_register_slice_v2_1_vl_rfs.v:1498]
INFO: [Synth 8-6155] done synthesizing module 'axi_register_slice_v2_1_24_axic_register_slice' (8#1) [/home/user/final-project/final-project-vivado/audio-mixer/audio-mixer.gen/sources_1/bd/system/ipshared/8f68/hdl/axi_register_slice_v2_1_vl_rfs.v:1498]
INFO: [Synth 8-6157] synthesizing module 'generic_baseblocks_v2_1_0_mux_enc__parameterized2' [/home/user/final-project/final-project-vivado/audio-mixer/audio-mixer.gen/sources_1/bd/system/ipshared/b752/hdl/generic_baseblocks_v2_1_vl_rfs.v:2452]
INFO: [Synth 8-6155] done synthesizing module 'generic_baseblocks_v2_1_0_mux_enc__parameterized2' (8#1) [/home/user/final-project/final-project-vivado/audio-mixer/audio-mixer.gen/sources_1/bd/system/ipshared/b752/hdl/generic_baseblocks_v2_1_vl_rfs.v:2452]
INFO: [Synth 8-6155] done synthesizing module 'axi_crossbar_v2_1_25_crossbar_sasd' (9#1) [/home/user/final-project/final-project-vivado/audio-mixer/audio-mixer.gen/sources_1/bd/system/ipshared/3917/hdl/axi_crossbar_v2_1_vl_rfs.v:1240]
INFO: [Synth 8-6155] done synthesizing module 'axi_crossbar_v2_1_25_axi_crossbar' (10#1) [/home/user/final-project/final-project-vivado/audio-mixer/audio-mixer.gen/sources_1/bd/system/ipshared/3917/hdl/axi_crossbar_v2_1_vl_rfs.v:4884]
INFO: [Synth 8-6155] done synthesizing module 'system_xbar_3' (11#1) [/home/user/final-project/final-project-vivado/audio-mixer/audio-mixer.gen/sources_1/bd/system/ip/system_xbar_3/synth/system_xbar_3.v:59]
---------------------------------------------------------------------------------
Finished RTL Elaboration : Time (s): cpu = 00:00:09 ; elapsed = 00:00:25 . Memory (MB): peak = 2422.352 ; gain = 0.000 ; free physical = 162 ; free virtual = 11216
---------------------------------------------------------------------------------
---------------------------------------------------------------------------------
Start Handling Custom Attributes
---------------------------------------------------------------------------------
---------------------------------------------------------------------------------
Finished Handling Custom Attributes : Time (s): cpu = 00:00:10 ; elapsed = 00:00:26 . Memory (MB): peak = 2422.352 ; gain = 0.000 ; free physical = 210 ; free virtual = 11105
---------------------------------------------------------------------------------
---------------------------------------------------------------------------------
Finished RTL Optimization Phase 1 : Time (s): cpu = 00:00:10 ; elapsed = 00:00:26 . Memory (MB): peak = 2422.352 ; gain = 0.000 ; free physical = 210 ; free virtual = 11106
---------------------------------------------------------------------------------
Netlist sorting complete. Time (s): cpu = 00:00:00.01 ; elapsed = 00:00:00.01 . Memory (MB): peak = 2422.352 ; gain = 0.000 ; free physical = 182 ; free virtual = 10825
INFO: [Project 1-570] Preparing netlist for logic optimization

Processing XDC Constraints
Initializing timing engine
Parsing XDC File [/home/user/final-project/final-project-vivado/audio-mixer/audio-mixer.gen/sources_1/bd/system/ip/system_xbar_3/system_xbar_3_ooc.xdc] for cell 'inst'
Finished Parsing XDC File [/home/user/final-project/final-project-vivado/audio-mixer/audio-mixer.gen/sources_1/bd/system/ip/system_xbar_3/system_xbar_3_ooc.xdc] for cell 'inst'
Parsing XDC File [/home/user/final-project/final-project-vivado/audio-mixer/audio-mixer.runs/system_xbar_3_synth_1/dont_touch.xdc]
Finished Parsing XDC File [/home/user/final-project/final-project-vivado/audio-mixer/audio-mixer.runs/system_xbar_3_synth_1/dont_touch.xdc]
Completed Processing XDC Constraints

Netlist sorting complete. Time (s): cpu = 00:00:00.01 ; elapsed = 00:00:00 . Memory (MB): peak = 2486.254 ; gain = 0.000 ; free physical = 1322 ; free virtual = 13404
INFO: [Project 1-111] Unisim Transformation Summary:
No Unisim elements were transformed.

Constraint Validation Runtime : Time (s): cpu = 00:00:00.06 ; elapsed = 00:00:00.16 . Memory (MB): peak = 2486.254 ; gain = 0.000 ; free physical = 1212 ; free virtual = 13407
---------------------------------------------------------------------------------
Finished Constraint Validation : Time (s): cpu = 00:00:16 ; elapsed = 00:00:40 . Memory (MB): peak = 2486.254 ; gain = 63.902 ; free physical = 5985 ; free virtual = 18011
---------------------------------------------------------------------------------
---------------------------------------------------------------------------------
Start Loading Part and Timing Information
---------------------------------------------------------------------------------
Loading part: xc7z010clg400-1
---------------------------------------------------------------------------------
Finished Loading Part and Timing Information : Time (s): cpu = 00:00:16 ; elapsed = 00:00:40 . Memory (MB): peak = 2486.254 ; gain = 63.902 ; free physical = 5984 ; free virtual = 18010
---------------------------------------------------------------------------------
---------------------------------------------------------------------------------
Start Applying 'set_property' XDC Constraints
---------------------------------------------------------------------------------
Applied set_property KEEP_HIERARCHY = SOFT for inst. (constraint file  /home/user/final-project/final-project-vivado/audio-mixer/audio-mixer.runs/system_xbar_3_synth_1/dont_touch.xdc, line 9).
---------------------------------------------------------------------------------
Finished applying 'set_property' XDC Constraints : Time (s): cpu = 00:00:16 ; elapsed = 00:00:40 . Memory (MB): peak = 2486.254 ; gain = 63.902 ; free physical = 5980 ; free virtual = 18006
---------------------------------------------------------------------------------
---------------------------------------------------------------------------------
Finished RTL Optimization Phase 2 : Time (s): cpu = 00:00:17 ; elapsed = 00:00:41 . Memory (MB): peak = 2486.254 ; gain = 63.902 ; free physical = 5803 ; free virtual = 17833
---------------------------------------------------------------------------------
---------------------------------------------------------------------------------
Start RTL Component Statistics 
---------------------------------------------------------------------------------
Detailed RTL Component Info : 
+---Registers : 
	               64 Bit    Registers := 1     
	               36 Bit    Registers := 2     
	                7 Bit    Registers := 1     
	                3 Bit    Registers := 2     
	                2 Bit    Registers := 2     
	                1 Bit    Registers := 14    
+---Muxes : 
	   2 Input   64 Bit        Muxes := 1     
	   2 Input   36 Bit        Muxes := 2     
	   2 Input    7 Bit        Muxes := 1     
	   2 Input    6 Bit        Muxes := 1     
	   2 Input    3 Bit        Muxes := 2     
	   2 Input    1 Bit        Muxes := 57    
---------------------------------------------------------------------------------
Finished RTL Component Statistics 
---------------------------------------------------------------------------------
---------------------------------------------------------------------------------
Start Part Resource Summary
---------------------------------------------------------------------------------
Part Resources:
DSPs: 80 (col length:40)
BRAMs: 120 (col length: RAMB18 40 RAMB36 20)
---------------------------------------------------------------------------------
Finished Part Resource Summary
---------------------------------------------------------------------------------
---------------------------------------------------------------------------------
Start Cross Boundary and Area Optimization
---------------------------------------------------------------------------------
---------------------------------------------------------------------------------
Finished Cross Boundary and Area Optimization : Time (s): cpu = 00:00:19 ; elapsed = 00:00:44 . Memory (MB): peak = 2486.254 ; gain = 63.902 ; free physical = 5927 ; free virtual = 17979
---------------------------------------------------------------------------------
---------------------------------------------------------------------------------
Start Applying XDC Timing Constraints
---------------------------------------------------------------------------------
---------------------------------------------------------------------------------
Finished Applying XDC Timing Constraints : Time (s): cpu = 00:00:26 ; elapsed = 00:00:50 . Memory (MB): peak = 2486.254 ; gain = 63.902 ; free physical = 5861 ; free virtual = 17919
---------------------------------------------------------------------------------
---------------------------------------------------------------------------------
Start Timing Optimization
---------------------------------------------------------------------------------
---------------------------------------------------------------------------------
Finished Timing Optimization : Time (s): cpu = 00:00:27 ; elapsed = 00:00:51 . Memory (MB): peak = 2486.254 ; gain = 63.902 ; free physical = 6007 ; free virtual = 18065
---------------------------------------------------------------------------------
---------------------------------------------------------------------------------
Start Technology Mapping
---------------------------------------------------------------------------------
---------------------------------------------------------------------------------
Finished Technology Mapping : Time (s): cpu = 00:00:27 ; elapsed = 00:00:51 . Memory (MB): peak = 2486.254 ; gain = 63.902 ; free physical = 6035 ; free virtual = 18093
---------------------------------------------------------------------------------
---------------------------------------------------------------------------------
Start IO Insertion
---------------------------------------------------------------------------------
---------------------------------------------------------------------------------
Start Flattening Before IO Insertion
---------------------------------------------------------------------------------
---------------------------------------------------------------------------------
Finished Flattening Before IO Insertion
---------------------------------------------------------------------------------
---------------------------------------------------------------------------------
Start Final Netlist Cleanup
---------------------------------------------------------------------------------
---------------------------------------------------------------------------------
Finished Final Netlist Cleanup
---------------------------------------------------------------------------------
---------------------------------------------------------------------------------
Finished IO Insertion : Time (s): cpu = 00:00:31 ; elapsed = 00:00:55 . Memory (MB): peak = 2486.254 ; gain = 63.902 ; free physical = 5720 ; free virtual = 17798
---------------------------------------------------------------------------------
---------------------------------------------------------------------------------
Start Renaming Generated Instances
---------------------------------------------------------------------------------
---------------------------------------------------------------------------------
Finished Renaming Generated Instances : Time (s): cpu = 00:00:31 ; elapsed = 00:00:55 . Memory (MB): peak = 2486.254 ; gain = 63.902 ; free physical = 5718 ; free virtual = 17796
---------------------------------------------------------------------------------
---------------------------------------------------------------------------------
Start Rebuilding User Hierarchy
---------------------------------------------------------------------------------
---------------------------------------------------------------------------------
Finished Rebuilding User Hierarchy : Time (s): cpu = 00:00:31 ; elapsed = 00:00:55 . Memory (MB): peak = 2486.254 ; gain = 63.902 ; free physical = 5711 ; free virtual = 17789
---------------------------------------------------------------------------------
---------------------------------------------------------------------------------
Start Renaming Generated Ports
---------------------------------------------------------------------------------
---------------------------------------------------------------------------------
Finished Renaming Generated Ports : Time (s): cpu = 00:00:31 ; elapsed = 00:00:55 . Memory (MB): peak = 2486.254 ; gain = 63.902 ; free physical = 5710 ; free virtual = 17788
---------------------------------------------------------------------------------
---------------------------------------------------------------------------------
Start Handling Custom Attributes
---------------------------------------------------------------------------------
---------------------------------------------------------------------------------
Finished Handling Custom Attributes : Time (s): cpu = 00:00:31 ; elapsed = 00:00:55 . Memory (MB): peak = 2486.254 ; gain = 63.902 ; free physical = 5696 ; free virtual = 17774
---------------------------------------------------------------------------------
---------------------------------------------------------------------------------
Start Renaming Generated Nets
---------------------------------------------------------------------------------
---------------------------------------------------------------------------------
Finished Renaming Generated Nets : Time (s): cpu = 00:00:31 ; elapsed = 00:00:55 . Memory (MB): peak = 2486.254 ; gain = 63.902 ; free physical = 5695 ; free virtual = 17773
---------------------------------------------------------------------------------
---------------------------------------------------------------------------------
Start Writing Synthesis Report
---------------------------------------------------------------------------------

Report BlackBoxes: 
+-+--------------+----------+
| |BlackBox name |Instances |
+-+--------------+----------+
+-+--------------+----------+

Report Cell Usage: 
+------+-----+------+
|      |Cell |Count |
+------+-----+------+
|1     |LUT1 |     1|
|2     |LUT2 |    16|
|3     |LUT3 |    28|
|4     |LUT4 |    57|
|5     |LUT5 |   110|
|6     |LUT6 |    79|
|7     |FDRE |   135|
+------+-----+------+
---------------------------------------------------------------------------------
Finished Writing Synthesis Report : Time (s): cpu = 00:00:31 ; elapsed = 00:00:55 . Memory (MB): peak = 2486.254 ; gain = 63.902 ; free physical = 5694 ; free virtual = 17772
---------------------------------------------------------------------------------
Synthesis finished with 0 errors, 0 critical warnings and 0 warnings.
Synthesis Optimization Runtime : Time (s): cpu = 00:00:29 ; elapsed = 00:00:48 . Memory (MB): peak = 2486.254 ; gain = 0.000 ; free physical = 5725 ; free virtual = 17803
Synthesis Optimization Complete : Time (s): cpu = 00:00:31 ; elapsed = 00:00:56 . Memory (MB): peak = 2486.254 ; gain = 63.902 ; free physical = 5726 ; free virtual = 17804
INFO: [Project 1-571] Translating synthesized netlist
Netlist sorting complete. Time (s): cpu = 00:00:06 ; elapsed = 00:00:00.02 . Memory (MB): peak = 2486.254 ; gain = 0.000 ; free physical = 5799 ; free virtual = 17878
INFO: [Project 1-570] Preparing netlist for logic optimization
INFO: [Opt 31-138] Pushed 0 inverter(s) to 0 load pin(s).
Netlist sorting complete. Time (s): cpu = 00:00:00 ; elapsed = 00:00:00 . Memory (MB): peak = 2486.254 ; gain = 0.000 ; free physical = 5754 ; free virtual = 17833
INFO: [Project 1-111] Unisim Transformation Summary:
No Unisim elements were transformed.

Synth Design complete, checksum: 529e3938
INFO: [Common 17-83] Releasing license: Synthesis
57 Infos, 3 Warnings, 0 Critical Warnings and 0 Errors encountered.
synth_design completed successfully
synth_design: Time (s): cpu = 00:00:42 ; elapsed = 00:01:02 . Memory (MB): peak = 2486.254 ; gain = 64.031 ; free physical = 5908 ; free virtual = 17987
INFO: [Common 17-1381] The checkpoint '/home/user/final-project/final-project-vivado/audio-mixer/audio-mixer.runs/system_xbar_3_synth_1/system_xbar_3.dcp' has been generated.
INFO: [Coretcl 2-1648] Added synthesis output to IP cache for IP system_xbar_3, cache-ID = a74d44c3b6587817
INFO: [Coretcl 2-1174] Renamed 7 cell refs.
INFO: [Common 17-1381] The checkpoint '/home/user/final-project/final-project-vivado/audio-mixer/audio-mixer.runs/system_xbar_3_synth_1/system_xbar_3.dcp' has been generated.
INFO: [runtcl-4] Executing : report_utilization -file system_xbar_3_utilization_synth.rpt -pb system_xbar_3_utilization_synth.pb
INFO: [Common 17-206] Exiting Vivado at Sun Dec 12 18:22:12 2021...
