Copyright 1986-2021 Xilinx, Inc. All Rights Reserved.
------------------------------------------------------------------------------------
| Tool Version : Vivado v.2021.1 (lin64) Build 3247384 Thu Jun 10 19:36:07 MDT 2021
| Date         : Sun Dec 12 18:43:23 2021
| Host         : ece36 running 64-bit Ubuntu 20.04.2 LTS
| Command      : upgrade_ip
| Device       : xc7z010clg400-1
------------------------------------------------------------------------------------

Upgrade Log for IP 'system_PmodOLED_0_2'

1. Summary
----------

SUCCESS in the upgrade of system_PmodOLED_0_2 (digilentinc.com:IP:PmodOLED:1.0) from (Rev. 20) to (Rev. 22)






Copyright 1986-2021 Xilinx, Inc. All Rights Reserved.
------------------------------------------------------------------------------------
| Tool Version : Vivado v.2021.1 (lin64) Build 3247384 Thu Jun 10 19:36:07 MDT 2021
| Date         : Sun Dec 12 18:37:05 2021
| Host         : ece36 running 64-bit Ubuntu 20.04.2 LTS
| Command      : upgrade_ip
| Device       : xc7z010clg400-1
------------------------------------------------------------------------------------

Upgrade Log for IP 'system_PmodOLED_0_2'

1. Summary
----------

SUCCESS in the upgrade of system_PmodOLED_0_2 (digilentinc.com:IP:PmodOLED:1.0) from (Rev. 18) to (Rev. 20)






Copyright 1986-2021 Xilinx, Inc. All Rights Reserved.
------------------------------------------------------------------------------------
| Tool Version : Vivado v.2021.1 (lin64) Build 3247384 Thu Jun 10 19:36:07 MDT 2021
| Date         : Sun Dec 12 18:36:39 2021
| Host         : ece36 running 64-bit Ubuntu 20.04.2 LTS
| Command      : upgrade_ip
| Device       : xc7z010clg400-1
------------------------------------------------------------------------------------

Upgrade Log for IP 'system_PmodOLED_0_2'

1. Summary
----------

CAUTION (success, with warnings) in the upgrade of system_PmodOLED_0_2 (digilentinc.com:IP:PmodOLED:1.0) from (Rev. 20) to (Rev. 18)

After upgrade, an IP may have parameter differences compared to the original customization. Please review the parameters within the IP customization GUI to ensure proper functionality.

2. Customization warnings
-------------------------

Failed to load customization data on the upgraded IP


3. Debug Commands
-----------------

