16:41:52 INFO  : Launching XSCT server: xsct -n  -interactive /home/user/workspace/temp_xsdb_launch_script.tcl
16:41:52 INFO  : Platform repository initialization has completed.
16:41:52 INFO  : Registering command handlers for Vitis TCF services
16:41:55 INFO  : XSCT server has started successfully.
16:41:56 INFO  : Successfully done setting XSCT server connection channel  
16:41:56 INFO  : plnx-install-location is set to ''
16:41:56 INFO  : Successfully done query RDI_DATADIR 
16:41:56 INFO  : Successfully done setting workspace for the tool. 
16:42:18 INFO  : Platform 'system_wrapper' is added to custom repositories.
16:43:35 INFO  : Checking for BSP changes to sync application flags for project 'Zybo-Z7-10-DMA'...
16:44:01 INFO  : Checking for BSP changes to sync application flags for project 'Zybo-Z7-10-DMA'...
16:44:50 INFO  : Checking for BSP changes to sync application flags for project 'Zybo-Z7-10-DMA'...
16:47:30 INFO  : Checking for BSP changes to sync application flags for project 'Zybo-Z7-10-DMA'...
16:51:12 INFO  : Checking for BSP changes to sync application flags for project 'Zybo-Z7-10-DMA'...
16:51:49 INFO  : Checking for BSP changes to sync application flags for project 'Zybo-Z7-10-DMA'...
16:53:44 INFO  : Checking for BSP changes to sync application flags for project 'Zybo-Z7-10-DMA'...
16:54:58 INFO  : Checking for BSP changes to sync application flags for project 'Zybo-Z7-10-DMA'...
16:56:31 INFO  : Checking for BSP changes to sync application flags for project 'Zybo-Z7-10-DMA'...
16:57:35 INFO  : Checking for BSP changes to sync application flags for project 'Zybo-Z7-10-DMA'...
16:58:42 INFO  : Checking for BSP changes to sync application flags for project 'Zybo-Z7-10-DMA'...
16:59:23 INFO  : Checking for BSP changes to sync application flags for project 'Zybo-Z7-10-DMA'...
16:59:41 INFO  : Checking for BSP changes to sync application flags for project 'Zybo-Z7-10-DMA'...
16:59:53 INFO  : Checking for BSP changes to sync application flags for project 'Zybo-Z7-10-DMA'...
17:00:41 INFO  : Checking for BSP changes to sync application flags for project 'Zybo-Z7-10-DMA'...
17:01:14 INFO  : Checking for BSP changes to sync application flags for project 'Zybo-Z7-10-DMA'...
17:04:05 INFO  : Checking for BSP changes to sync application flags for project 'Zybo-Z7-10-DMA'...
17:06:01 INFO  : Connected to target on host '127.0.0.1' and port '3121'.
17:06:01 INFO  : Jtag cable 'Digilent Zybo Z7 210351AB76CAA' is selected.
17:06:01 INFO  : 'jtag frequency' command is executed.
17:06:01 INFO  : Context for 'APU' is selected.
17:06:01 INFO  : System reset is completed.
17:06:04 INFO  : 'after 3000' command is executed.
17:06:04 INFO  : 'targets -set -filter {jtag_cable_name =~ "Digilent Zybo Z7 210351AB76CAA" && level==0 && jtag_device_ctx=="jsn-Zybo Z7-210351AB76CAA-13722093-0"}' command is executed.
17:06:06 INFO  : Device configured successfully with "/home/user/workspace/Zybo-Z7-10-DMA/_ide/bitstream/system_wrapper.bit"
17:06:06 INFO  : Context for 'APU' is selected.
17:06:06 INFO  : Hardware design and registers information is loaded from '/home/user/workspace/system_wrapper/export/system_wrapper/hw/system_wrapper.xsa'.
17:06:06 INFO  : 'configparams force-mem-access 1' command is executed.
17:06:06 INFO  : Context for 'APU' is selected.
17:06:06 INFO  : Sourcing of '/home/user/workspace/Zybo-Z7-10-DMA/_ide/psinit/ps7_init.tcl' is done.
17:06:06 INFO  : 'ps7_init' command is executed.
17:06:06 INFO  : 'ps7_post_config' command is executed.
17:06:06 INFO  : Context for processor 'ps7_cortexa9_0' is selected.
17:06:06 INFO  : The application '/home/user/workspace/Zybo-Z7-10-DMA/Debug/Zybo-Z7-10-DMA.elf' is downloaded to processor 'ps7_cortexa9_0'.
17:06:06 INFO  : 'configparams force-mem-access 0' command is executed.
17:06:06 INFO  : ----------------XSDB Script----------------
connect -url tcp:127.0.0.1:3121
targets -set -nocase -filter {name =~"APU*"}
rst -system
after 3000
targets -set -filter {jtag_cable_name =~ "Digilent Zybo Z7 210351AB76CAA" && level==0 && jtag_device_ctx=="jsn-Zybo Z7-210351AB76CAA-13722093-0"}
fpga -file /home/user/workspace/Zybo-Z7-10-DMA/_ide/bitstream/system_wrapper.bit
targets -set -nocase -filter {name =~"APU*"}
loadhw -hw /home/user/workspace/system_wrapper/export/system_wrapper/hw/system_wrapper.xsa -mem-ranges [list {0x40000000 0xbfffffff}] -regs
configparams force-mem-access 1
targets -set -nocase -filter {name =~"APU*"}
source /home/user/workspace/Zybo-Z7-10-DMA/_ide/psinit/ps7_init.tcl
ps7_init
ps7_post_config
targets -set -nocase -filter {name =~ "*A9*#0"}
dow /home/user/workspace/Zybo-Z7-10-DMA/Debug/Zybo-Z7-10-DMA.elf
configparams force-mem-access 0
----------------End of Script----------------

17:21:26 INFO  : Disconnected from the channel tcfchan#19.
17:22:12 INFO  : Hardware specification for platform project 'system_wrapper' is updated.
17:22:27 INFO  : Checking for BSP changes to sync application flags for project 'Zybo-Z7-10-DMA'...
17:22:47 INFO  : Connected to target on host '127.0.0.1' and port '3121'.
17:22:48 INFO  : Jtag cable 'Digilent Zybo Z7 210351AB76CAA' is selected.
17:22:48 INFO  : 'jtag frequency' command is executed.
17:22:48 INFO  : Context for 'APU' is selected.
17:22:48 INFO  : System reset is completed.
17:22:51 INFO  : 'after 3000' command is executed.
17:22:51 INFO  : 'targets -set -filter {jtag_cable_name =~ "Digilent Zybo Z7 210351AB76CAA" && level==0 && jtag_device_ctx=="jsn-Zybo Z7-210351AB76CAA-13722093-0"}' command is executed.
17:22:52 INFO  : Device configured successfully with "/home/user/workspace/Zybo-Z7-10-DMA/_ide/bitstream/system_wrapper.bit"
17:22:52 INFO  : Context for 'APU' is selected.
17:22:52 INFO  : Hardware design and registers information is loaded from '/home/user/workspace/system_wrapper/export/system_wrapper/hw/system_wrapper.xsa'.
17:22:52 INFO  : 'configparams force-mem-access 1' command is executed.
17:22:52 INFO  : Context for 'APU' is selected.
17:22:52 INFO  : Sourcing of '/home/user/workspace/Zybo-Z7-10-DMA/_ide/psinit/ps7_init.tcl' is done.
17:22:52 INFO  : 'ps7_init' command is executed.
17:22:52 INFO  : 'ps7_post_config' command is executed.
17:22:52 INFO  : Context for processor 'ps7_cortexa9_0' is selected.
17:22:52 INFO  : The application '/home/user/workspace/Zybo-Z7-10-DMA/Debug/Zybo-Z7-10-DMA.elf' is downloaded to processor 'ps7_cortexa9_0'.
17:22:53 INFO  : 'configparams force-mem-access 0' command is executed.
17:22:53 INFO  : ----------------XSDB Script----------------
connect -url tcp:127.0.0.1:3121
targets -set -nocase -filter {name =~"APU*"}
rst -system
after 3000
targets -set -filter {jtag_cable_name =~ "Digilent Zybo Z7 210351AB76CAA" && level==0 && jtag_device_ctx=="jsn-Zybo Z7-210351AB76CAA-13722093-0"}
fpga -file /home/user/workspace/Zybo-Z7-10-DMA/_ide/bitstream/system_wrapper.bit
targets -set -nocase -filter {name =~"APU*"}
loadhw -hw /home/user/workspace/system_wrapper/export/system_wrapper/hw/system_wrapper.xsa -mem-ranges [list {0x40000000 0xbfffffff}] -regs
configparams force-mem-access 1
targets -set -nocase -filter {name =~"APU*"}
source /home/user/workspace/Zybo-Z7-10-DMA/_ide/psinit/ps7_init.tcl
ps7_init
ps7_post_config
targets -set -nocase -filter {name =~ "*A9*#0"}
dow /home/user/workspace/Zybo-Z7-10-DMA/Debug/Zybo-Z7-10-DMA.elf
configparams force-mem-access 0
----------------End of Script----------------

17:22:53 INFO  : Context for processor 'ps7_cortexa9_0' is selected.
17:22:53 INFO  : 'con' command is executed.
17:22:53 INFO  : ----------------XSDB Script (After Launch)----------------
targets -set -nocase -filter {name =~ "*A9*#0"}
con
----------------End of Script----------------

17:22:53 INFO  : Disconnected from the channel tcfchan#22.
17:38:48 INFO  : Launching XSCT server: xsct -n  -interactive /home/user/workspace/temp_xsdb_launch_script.tcl
17:38:50 INFO  : Platform repository initialization has completed.
17:38:50 INFO  : Registering command handlers for Vitis TCF services
17:38:52 INFO  : XSCT server has started successfully.
17:38:52 INFO  : Successfully done setting XSCT server connection channel  
17:38:52 INFO  : plnx-install-location is set to ''
17:38:52 INFO  : Successfully done setting workspace for the tool. 
17:38:52 INFO  : Successfully done query RDI_DATADIR 
17:39:24 INFO  : Projects exported to '/home/user/vitis_export_archive.ide.zip'
13:25:21 INFO  : Launching XSCT server: xsct -n  -interactive /home/user/workspace/temp_xsdb_launch_script.tcl
13:25:24 INFO  : Platform repository initialization has completed.
13:25:24 INFO  : Registering command handlers for Vitis TCF services
13:25:25 INFO  : XSCT server has started successfully.
13:25:25 INFO  : plnx-install-location is set to ''
13:25:25 INFO  : Successfully done setting XSCT server connection channel  
13:25:26 INFO  : Successfully done setting workspace for the tool. 
13:25:26 INFO  : Successfully done query RDI_DATADIR 
13:48:03 INFO  : Result from executing command 'getProjects': design_1_wrapper;system_wrapper
13:48:03 INFO  : Result from executing command 'getPlatforms': system_wrapper|/home/user/workspace/system_wrapper/export/system_wrapper/system_wrapper.xpfm
13:48:03 INFO  : Platform 'design_1_wrapper' is added to custom repositories.
13:48:09 INFO  : Platform 'design_1_wrapper' is added to custom repositories.
13:56:10 INFO  : Result from executing command 'getProjects': design_1_wrapper;system_wrapper
13:56:10 INFO  : Result from executing command 'getPlatforms': design_1_wrapper|/home/user/workspace/design_1_wrapper/export/design_1_wrapper/design_1_wrapper.xpfm;system_wrapper|/home/user/workspace/system_wrapper/export/system_wrapper/system_wrapper.xpfm
13:56:13 INFO  : Checking for BSP changes to sync application flags for project 'rtcc_temp'...
13:56:24 INFO  : Checking for BSP changes to sync application flags for project 'rtcc_temp'...
13:56:30 INFO  : Checking for BSP changes to sync application flags for project 'rtcc_temp'...
13:56:42 INFO  : Connected to target on host '127.0.0.1' and port '3121'.
13:56:42 INFO  : 'targets -set -filter {jtag_cable_name =~ "Digilent Zybo Z7 210351AB76CAA" && level==0 && jtag_device_ctx=="jsn-Zybo Z7-210351AB76CAA-13722093-0"}' command is executed.
13:56:43 ERROR : 'fpga -file /home/user/workspace/Zybo-Z7-10-DMA/_ide/bitstream/system_wrapper.bit' is cancelled.
13:56:55 INFO  : Connected to target on host '127.0.0.1' and port '3121'.
13:56:55 INFO  : 'targets -set -filter {jtag_cable_name =~ "Digilent Zybo Z7 210351AB76CAA" && level==0 && jtag_device_ctx=="jsn-Zybo Z7-210351AB76CAA-13722093-0"}' command is executed.
13:56:56 INFO  : Device configured successfully with "/home/user/workspace/rtcc_temp/_ide/bitstream/design_1_wrapper.bit"
13:57:01 INFO  : Connected to target on host '127.0.0.1' and port '3121'.
13:57:01 INFO  : Jtag cable 'Digilent Zybo Z7 210351AB76CAA' is selected.
13:57:01 INFO  : 'jtag frequency' command is executed.
13:57:01 INFO  : Context for 'APU' is selected.
13:57:01 INFO  : System reset is completed.
13:57:04 INFO  : 'after 3000' command is executed.
13:57:04 INFO  : 'targets -set -filter {jtag_cable_name =~ "Digilent Zybo Z7 210351AB76CAA" && level==0 && jtag_device_ctx=="jsn-Zybo Z7-210351AB76CAA-13722093-0"}' command is executed.
13:57:05 INFO  : Device configured successfully with "/home/user/workspace/rtcc_temp/_ide/bitstream/design_1_wrapper.bit"
13:57:05 INFO  : Context for 'APU' is selected.
13:57:05 INFO  : Hardware design and registers information is loaded from '/home/user/workspace/design_1_wrapper/export/design_1_wrapper/hw/design_1_wrapper.xsa'.
13:57:05 INFO  : 'configparams force-mem-access 1' command is executed.
13:57:05 INFO  : Context for 'APU' is selected.
13:57:05 INFO  : Sourcing of '/home/user/workspace/rtcc_temp/_ide/psinit/ps7_init.tcl' is done.
13:57:06 INFO  : 'ps7_init' command is executed.
13:57:06 INFO  : 'ps7_post_config' command is executed.
13:57:06 INFO  : Context for processor 'ps7_cortexa9_0' is selected.
13:57:06 INFO  : The application '/home/user/workspace/rtcc_temp/Debug/rtcc_temp.elf' is downloaded to processor 'ps7_cortexa9_0'.
13:57:06 INFO  : 'configparams force-mem-access 0' command is executed.
13:57:06 INFO  : ----------------XSDB Script----------------
connect -url tcp:127.0.0.1:3121
targets -set -nocase -filter {name =~"APU*"}
rst -system
after 3000
targets -set -filter {jtag_cable_name =~ "Digilent Zybo Z7 210351AB76CAA" && level==0 && jtag_device_ctx=="jsn-Zybo Z7-210351AB76CAA-13722093-0"}
fpga -file /home/user/workspace/rtcc_temp/_ide/bitstream/design_1_wrapper.bit
targets -set -nocase -filter {name =~"APU*"}
loadhw -hw /home/user/workspace/design_1_wrapper/export/design_1_wrapper/hw/design_1_wrapper.xsa -mem-ranges [list {0x40000000 0xbfffffff}] -regs
configparams force-mem-access 1
targets -set -nocase -filter {name =~"APU*"}
source /home/user/workspace/rtcc_temp/_ide/psinit/ps7_init.tcl
ps7_init
ps7_post_config
targets -set -nocase -filter {name =~ "*A9*#0"}
dow /home/user/workspace/rtcc_temp/Debug/rtcc_temp.elf
configparams force-mem-access 0
----------------End of Script----------------

13:57:32 INFO  : Disconnected from the channel tcfchan#2.
13:59:44 INFO  : Checking for BSP changes to sync application flags for project 'rtcc_temp'...
13:59:55 INFO  : Connected to target on host '127.0.0.1' and port '3121'.
13:59:55 INFO  : Jtag cable 'Digilent Zybo Z7 210351AB76CAA' is selected.
13:59:55 INFO  : 'jtag frequency' command is executed.
13:59:55 INFO  : Context for 'APU' is selected.
13:59:55 INFO  : System reset is completed.
13:59:58 INFO  : 'after 3000' command is executed.
13:59:58 INFO  : 'targets -set -filter {jtag_cable_name =~ "Digilent Zybo Z7 210351AB76CAA" && level==0 && jtag_device_ctx=="jsn-Zybo Z7-210351AB76CAA-13722093-0"}' command is executed.
14:00:00 INFO  : Device configured successfully with "/home/user/workspace/rtcc_temp/_ide/bitstream/design_1_wrapper.bit"
14:00:00 INFO  : Context for 'APU' is selected.
14:00:00 INFO  : Hardware design and registers information is loaded from '/home/user/workspace/design_1_wrapper/export/design_1_wrapper/hw/design_1_wrapper.xsa'.
14:00:00 INFO  : 'configparams force-mem-access 1' command is executed.
14:00:00 INFO  : Context for 'APU' is selected.
14:00:00 INFO  : Sourcing of '/home/user/workspace/rtcc_temp/_ide/psinit/ps7_init.tcl' is done.
14:00:00 INFO  : 'ps7_init' command is executed.
14:00:00 INFO  : 'ps7_post_config' command is executed.
14:00:00 INFO  : Context for processor 'ps7_cortexa9_0' is selected.
14:00:00 INFO  : The application '/home/user/workspace/rtcc_temp/Debug/rtcc_temp.elf' is downloaded to processor 'ps7_cortexa9_0'.
14:00:00 INFO  : 'configparams force-mem-access 0' command is executed.
14:00:00 INFO  : ----------------XSDB Script----------------
connect -url tcp:127.0.0.1:3121
targets -set -nocase -filter {name =~"APU*"}
rst -system
after 3000
targets -set -filter {jtag_cable_name =~ "Digilent Zybo Z7 210351AB76CAA" && level==0 && jtag_device_ctx=="jsn-Zybo Z7-210351AB76CAA-13722093-0"}
fpga -file /home/user/workspace/rtcc_temp/_ide/bitstream/design_1_wrapper.bit
targets -set -nocase -filter {name =~"APU*"}
loadhw -hw /home/user/workspace/design_1_wrapper/export/design_1_wrapper/hw/design_1_wrapper.xsa -mem-ranges [list {0x40000000 0xbfffffff}] -regs
configparams force-mem-access 1
targets -set -nocase -filter {name =~"APU*"}
source /home/user/workspace/rtcc_temp/_ide/psinit/ps7_init.tcl
ps7_init
ps7_post_config
targets -set -nocase -filter {name =~ "*A9*#0"}
dow /home/user/workspace/rtcc_temp/Debug/rtcc_temp.elf
configparams force-mem-access 0
----------------End of Script----------------

14:07:49 INFO  : Checking for BSP changes to sync application flags for project 'rtcc_temp'...
14:09:32 INFO  : Checking for BSP changes to sync application flags for project 'rtcc_temp'...
14:09:54 INFO  : Checking for BSP changes to sync application flags for project 'rtcc_temp'...
14:12:18 INFO  : Disconnected from the channel tcfchan#3.
14:12:18 INFO  : Checking for BSP changes to sync application flags for project 'rtcc_temp'...
14:12:55 INFO  : Checking for BSP changes to sync application flags for project 'rtcc_temp'...
14:13:04 INFO  : Checking for BSP changes to sync application flags for project 'rtcc_temp'...
14:13:09 INFO  : Checking for BSP changes to sync application flags for project 'rtcc_temp'...
14:13:21 INFO  : Checking for BSP changes to sync application flags for project 'rtcc_temp'...
14:18:07 INFO  : Checking for BSP changes to sync application flags for project 'rtcc_temp'...
14:18:16 INFO  : Connected to target on host '127.0.0.1' and port '3121'.
14:18:17 INFO  : Jtag cable 'Digilent Zybo Z7 210351AB76CAA' is selected.
14:18:17 INFO  : 'jtag frequency' command is executed.
14:18:17 INFO  : Context for 'APU' is selected.
14:18:17 INFO  : System reset is completed.
14:18:20 INFO  : 'after 3000' command is executed.
14:18:20 INFO  : 'targets -set -filter {jtag_cable_name =~ "Digilent Zybo Z7 210351AB76CAA" && level==0 && jtag_device_ctx=="jsn-Zybo Z7-210351AB76CAA-13722093-0"}' command is executed.
14:18:21 INFO  : Device configured successfully with "/home/user/workspace/rtcc_temp/_ide/bitstream/design_1_wrapper.bit"
14:18:21 INFO  : Context for 'APU' is selected.
14:18:21 INFO  : Hardware design and registers information is loaded from '/home/user/workspace/design_1_wrapper/export/design_1_wrapper/hw/design_1_wrapper.xsa'.
14:18:21 INFO  : 'configparams force-mem-access 1' command is executed.
14:18:21 INFO  : Context for 'APU' is selected.
14:18:21 INFO  : Sourcing of '/home/user/workspace/rtcc_temp/_ide/psinit/ps7_init.tcl' is done.
14:18:21 INFO  : 'ps7_init' command is executed.
14:18:21 INFO  : 'ps7_post_config' command is executed.
14:18:21 INFO  : Context for processor 'ps7_cortexa9_0' is selected.
14:18:21 INFO  : The application '/home/user/workspace/rtcc_temp/Debug/rtcc_temp.elf' is downloaded to processor 'ps7_cortexa9_0'.
14:18:21 INFO  : 'configparams force-mem-access 0' command is executed.
14:18:21 INFO  : ----------------XSDB Script----------------
connect -url tcp:127.0.0.1:3121
targets -set -nocase -filter {name =~"APU*"}
rst -system
after 3000
targets -set -filter {jtag_cable_name =~ "Digilent Zybo Z7 210351AB76CAA" && level==0 && jtag_device_ctx=="jsn-Zybo Z7-210351AB76CAA-13722093-0"}
fpga -file /home/user/workspace/rtcc_temp/_ide/bitstream/design_1_wrapper.bit
targets -set -nocase -filter {name =~"APU*"}
loadhw -hw /home/user/workspace/design_1_wrapper/export/design_1_wrapper/hw/design_1_wrapper.xsa -mem-ranges [list {0x40000000 0xbfffffff}] -regs
configparams force-mem-access 1
targets -set -nocase -filter {name =~"APU*"}
source /home/user/workspace/rtcc_temp/_ide/psinit/ps7_init.tcl
ps7_init
ps7_post_config
targets -set -nocase -filter {name =~ "*A9*#0"}
dow /home/user/workspace/rtcc_temp/Debug/rtcc_temp.elf
configparams force-mem-access 0
----------------End of Script----------------

14:18:37 INFO  : Disconnected from the channel tcfchan#4.
14:19:41 INFO  : Checking for BSP changes to sync application flags for project 'rtcc_temp'...
14:19:47 INFO  : Connected to target on host '127.0.0.1' and port '3121'.
14:19:48 INFO  : Jtag cable 'Digilent Zybo Z7 210351AB76CAA' is selected.
14:19:48 INFO  : 'jtag frequency' command is executed.
14:19:48 INFO  : Context for 'APU' is selected.
14:19:48 INFO  : System reset is completed.
14:19:51 INFO  : 'after 3000' command is executed.
14:19:51 INFO  : 'targets -set -filter {jtag_cable_name =~ "Digilent Zybo Z7 210351AB76CAA" && level==0 && jtag_device_ctx=="jsn-Zybo Z7-210351AB76CAA-13722093-0"}' command is executed.
14:19:52 INFO  : Device configured successfully with "/home/user/workspace/rtcc_temp/_ide/bitstream/design_1_wrapper.bit"
14:19:52 INFO  : Context for 'APU' is selected.
14:19:52 INFO  : Hardware design and registers information is loaded from '/home/user/workspace/design_1_wrapper/export/design_1_wrapper/hw/design_1_wrapper.xsa'.
14:19:52 INFO  : 'configparams force-mem-access 1' command is executed.
14:19:52 INFO  : Context for 'APU' is selected.
14:19:52 INFO  : Sourcing of '/home/user/workspace/rtcc_temp/_ide/psinit/ps7_init.tcl' is done.
14:19:52 INFO  : 'ps7_init' command is executed.
14:19:52 INFO  : 'ps7_post_config' command is executed.
14:19:52 INFO  : Context for processor 'ps7_cortexa9_0' is selected.
14:19:53 INFO  : The application '/home/user/workspace/rtcc_temp/Debug/rtcc_temp.elf' is downloaded to processor 'ps7_cortexa9_0'.
14:19:53 INFO  : 'configparams force-mem-access 0' command is executed.
14:19:53 INFO  : ----------------XSDB Script----------------
connect -url tcp:127.0.0.1:3121
targets -set -nocase -filter {name =~"APU*"}
rst -system
after 3000
targets -set -filter {jtag_cable_name =~ "Digilent Zybo Z7 210351AB76CAA" && level==0 && jtag_device_ctx=="jsn-Zybo Z7-210351AB76CAA-13722093-0"}
fpga -file /home/user/workspace/rtcc_temp/_ide/bitstream/design_1_wrapper.bit
targets -set -nocase -filter {name =~"APU*"}
loadhw -hw /home/user/workspace/design_1_wrapper/export/design_1_wrapper/hw/design_1_wrapper.xsa -mem-ranges [list {0x40000000 0xbfffffff}] -regs
configparams force-mem-access 1
targets -set -nocase -filter {name =~"APU*"}
source /home/user/workspace/rtcc_temp/_ide/psinit/ps7_init.tcl
ps7_init
ps7_post_config
targets -set -nocase -filter {name =~ "*A9*#0"}
dow /home/user/workspace/rtcc_temp/Debug/rtcc_temp.elf
configparams force-mem-access 0
----------------End of Script----------------

14:27:51 INFO  : Checking for BSP changes to sync application flags for project 'rtcc_temp'...
14:28:05 INFO  : Checking for BSP changes to sync application flags for project 'rtcc_temp'...
14:28:19 INFO  : Checking for BSP changes to sync application flags for project 'rtcc_temp'...
14:28:35 INFO  : Checking for BSP changes to sync application flags for project 'rtcc_temp'...
14:28:54 INFO  : Checking for BSP changes to sync application flags for project 'rtcc_temp'...
14:29:19 INFO  : Checking for BSP changes to sync application flags for project 'rtcc_temp'...
14:29:31 INFO  : Disconnected from the channel tcfchan#5.
14:29:33 INFO  : Connected to target on host '127.0.0.1' and port '3121'.
14:29:33 INFO  : Jtag cable 'Digilent Zybo Z7 210351AB76CAA' is selected.
14:29:33 INFO  : 'jtag frequency' command is executed.
14:29:33 INFO  : Context for 'APU' is selected.
14:29:33 INFO  : System reset is completed.
14:29:36 INFO  : 'after 3000' command is executed.
14:29:36 INFO  : 'targets -set -filter {jtag_cable_name =~ "Digilent Zybo Z7 210351AB76CAA" && level==0 && jtag_device_ctx=="jsn-Zybo Z7-210351AB76CAA-13722093-0"}' command is executed.
14:29:38 INFO  : Device configured successfully with "/home/user/workspace/rtcc_temp/_ide/bitstream/design_1_wrapper.bit"
14:29:38 INFO  : Context for 'APU' is selected.
14:29:38 INFO  : Hardware design and registers information is loaded from '/home/user/workspace/design_1_wrapper/export/design_1_wrapper/hw/design_1_wrapper.xsa'.
14:29:38 INFO  : 'configparams force-mem-access 1' command is executed.
14:29:38 INFO  : Context for 'APU' is selected.
14:29:38 INFO  : Sourcing of '/home/user/workspace/rtcc_temp/_ide/psinit/ps7_init.tcl' is done.
14:29:38 INFO  : 'ps7_init' command is executed.
14:29:38 INFO  : 'ps7_post_config' command is executed.
14:29:38 INFO  : Context for processor 'ps7_cortexa9_0' is selected.
14:29:38 INFO  : The application '/home/user/workspace/rtcc_temp/Debug/rtcc_temp.elf' is downloaded to processor 'ps7_cortexa9_0'.
14:29:38 INFO  : 'configparams force-mem-access 0' command is executed.
14:29:38 INFO  : ----------------XSDB Script----------------
connect -url tcp:127.0.0.1:3121
targets -set -nocase -filter {name =~"APU*"}
rst -system
after 3000
targets -set -filter {jtag_cable_name =~ "Digilent Zybo Z7 210351AB76CAA" && level==0 && jtag_device_ctx=="jsn-Zybo Z7-210351AB76CAA-13722093-0"}
fpga -file /home/user/workspace/rtcc_temp/_ide/bitstream/design_1_wrapper.bit
targets -set -nocase -filter {name =~"APU*"}
loadhw -hw /home/user/workspace/design_1_wrapper/export/design_1_wrapper/hw/design_1_wrapper.xsa -mem-ranges [list {0x40000000 0xbfffffff}] -regs
configparams force-mem-access 1
targets -set -nocase -filter {name =~"APU*"}
source /home/user/workspace/rtcc_temp/_ide/psinit/ps7_init.tcl
ps7_init
ps7_post_config
targets -set -nocase -filter {name =~ "*A9*#0"}
dow /home/user/workspace/rtcc_temp/Debug/rtcc_temp.elf
configparams force-mem-access 0
----------------End of Script----------------

14:30:32 INFO  : Checking for BSP changes to sync application flags for project 'rtcc_temp'...
14:31:02 INFO  : Disconnected from the channel tcfchan#6.
14:31:03 INFO  : Checking for BSP changes to sync application flags for project 'rtcc_temp'...
14:31:19 INFO  : Checking for BSP changes to sync application flags for project 'rtcc_temp'...
14:31:27 INFO  : Connected to target on host '127.0.0.1' and port '3121'.
14:31:27 INFO  : Jtag cable 'Digilent Zybo Z7 210351AB76CAA' is selected.
14:31:27 INFO  : 'jtag frequency' command is executed.
14:31:27 INFO  : Context for 'APU' is selected.
14:31:27 INFO  : System reset is completed.
14:31:30 INFO  : 'after 3000' command is executed.
14:31:30 INFO  : 'targets -set -filter {jtag_cable_name =~ "Digilent Zybo Z7 210351AB76CAA" && level==0 && jtag_device_ctx=="jsn-Zybo Z7-210351AB76CAA-13722093-0"}' command is executed.
14:31:31 INFO  : Device configured successfully with "/home/user/workspace/rtcc_temp/_ide/bitstream/design_1_wrapper.bit"
14:31:31 INFO  : Context for 'APU' is selected.
14:31:31 INFO  : Hardware design and registers information is loaded from '/home/user/workspace/design_1_wrapper/export/design_1_wrapper/hw/design_1_wrapper.xsa'.
14:31:31 INFO  : 'configparams force-mem-access 1' command is executed.
14:31:31 INFO  : Context for 'APU' is selected.
14:31:31 INFO  : Sourcing of '/home/user/workspace/rtcc_temp/_ide/psinit/ps7_init.tcl' is done.
14:31:32 INFO  : 'ps7_init' command is executed.
14:31:32 INFO  : 'ps7_post_config' command is executed.
14:31:32 INFO  : Context for processor 'ps7_cortexa9_0' is selected.
14:31:32 INFO  : The application '/home/user/workspace/rtcc_temp/Debug/rtcc_temp.elf' is downloaded to processor 'ps7_cortexa9_0'.
14:31:32 INFO  : 'configparams force-mem-access 0' command is executed.
14:31:32 INFO  : ----------------XSDB Script----------------
connect -url tcp:127.0.0.1:3121
targets -set -nocase -filter {name =~"APU*"}
rst -system
after 3000
targets -set -filter {jtag_cable_name =~ "Digilent Zybo Z7 210351AB76CAA" && level==0 && jtag_device_ctx=="jsn-Zybo Z7-210351AB76CAA-13722093-0"}
fpga -file /home/user/workspace/rtcc_temp/_ide/bitstream/design_1_wrapper.bit
targets -set -nocase -filter {name =~"APU*"}
loadhw -hw /home/user/workspace/design_1_wrapper/export/design_1_wrapper/hw/design_1_wrapper.xsa -mem-ranges [list {0x40000000 0xbfffffff}] -regs
configparams force-mem-access 1
targets -set -nocase -filter {name =~"APU*"}
source /home/user/workspace/rtcc_temp/_ide/psinit/ps7_init.tcl
ps7_init
ps7_post_config
targets -set -nocase -filter {name =~ "*A9*#0"}
dow /home/user/workspace/rtcc_temp/Debug/rtcc_temp.elf
configparams force-mem-access 0
----------------End of Script----------------

14:32:53 INFO  : Checking for BSP changes to sync application flags for project 'rtcc_temp'...
14:33:17 INFO  : Disconnected from the channel tcfchan#7.
14:33:17 INFO  : Checking for BSP changes to sync application flags for project 'rtcc_temp'...
14:33:20 INFO  : Connected to target on host '127.0.0.1' and port '3121'.
14:33:20 INFO  : Jtag cable 'Digilent Zybo Z7 210351AB76CAA' is selected.
14:33:20 INFO  : 'jtag frequency' command is executed.
14:33:20 INFO  : Context for 'APU' is selected.
14:33:20 INFO  : System reset is completed.
14:33:23 INFO  : 'after 3000' command is executed.
14:33:23 INFO  : 'targets -set -filter {jtag_cable_name =~ "Digilent Zybo Z7 210351AB76CAA" && level==0 && jtag_device_ctx=="jsn-Zybo Z7-210351AB76CAA-13722093-0"}' command is executed.
14:33:24 INFO  : Device configured successfully with "/home/user/workspace/rtcc_temp/_ide/bitstream/design_1_wrapper.bit"
14:33:24 INFO  : Context for 'APU' is selected.
14:33:24 INFO  : Hardware design and registers information is loaded from '/home/user/workspace/design_1_wrapper/export/design_1_wrapper/hw/design_1_wrapper.xsa'.
14:33:24 INFO  : 'configparams force-mem-access 1' command is executed.
14:33:24 INFO  : Context for 'APU' is selected.
14:33:24 INFO  : Sourcing of '/home/user/workspace/rtcc_temp/_ide/psinit/ps7_init.tcl' is done.
14:33:25 INFO  : 'ps7_init' command is executed.
14:33:25 INFO  : 'ps7_post_config' command is executed.
14:33:25 INFO  : Context for processor 'ps7_cortexa9_0' is selected.
14:33:25 INFO  : The application '/home/user/workspace/rtcc_temp/Debug/rtcc_temp.elf' is downloaded to processor 'ps7_cortexa9_0'.
14:33:25 INFO  : 'configparams force-mem-access 0' command is executed.
14:33:25 INFO  : ----------------XSDB Script----------------
connect -url tcp:127.0.0.1:3121
targets -set -nocase -filter {name =~"APU*"}
rst -system
after 3000
targets -set -filter {jtag_cable_name =~ "Digilent Zybo Z7 210351AB76CAA" && level==0 && jtag_device_ctx=="jsn-Zybo Z7-210351AB76CAA-13722093-0"}
fpga -file /home/user/workspace/rtcc_temp/_ide/bitstream/design_1_wrapper.bit
targets -set -nocase -filter {name =~"APU*"}
loadhw -hw /home/user/workspace/design_1_wrapper/export/design_1_wrapper/hw/design_1_wrapper.xsa -mem-ranges [list {0x40000000 0xbfffffff}] -regs
configparams force-mem-access 1
targets -set -nocase -filter {name =~"APU*"}
source /home/user/workspace/rtcc_temp/_ide/psinit/ps7_init.tcl
ps7_init
ps7_post_config
targets -set -nocase -filter {name =~ "*A9*#0"}
dow /home/user/workspace/rtcc_temp/Debug/rtcc_temp.elf
configparams force-mem-access 0
----------------End of Script----------------

14:33:43 INFO  : Disconnected from the channel tcfchan#8.
14:33:45 INFO  : Checking for BSP changes to sync application flags for project 'rtcc_temp'...
14:33:48 INFO  : Connected to target on host '127.0.0.1' and port '3121'.
14:33:49 INFO  : Jtag cable 'Digilent Zybo Z7 210351AB76CAA' is selected.
14:33:49 INFO  : 'jtag frequency' command is executed.
14:33:49 INFO  : Context for 'APU' is selected.
14:33:49 INFO  : System reset is completed.
14:33:52 INFO  : 'after 3000' command is executed.
14:33:52 INFO  : 'targets -set -filter {jtag_cable_name =~ "Digilent Zybo Z7 210351AB76CAA" && level==0 && jtag_device_ctx=="jsn-Zybo Z7-210351AB76CAA-13722093-0"}' command is executed.
14:33:53 INFO  : Device configured successfully with "/home/user/workspace/rtcc_temp/_ide/bitstream/design_1_wrapper.bit"
14:33:53 INFO  : Context for 'APU' is selected.
14:33:53 INFO  : Hardware design and registers information is loaded from '/home/user/workspace/design_1_wrapper/export/design_1_wrapper/hw/design_1_wrapper.xsa'.
14:33:53 INFO  : 'configparams force-mem-access 1' command is executed.
14:33:53 INFO  : Context for 'APU' is selected.
14:33:53 INFO  : Sourcing of '/home/user/workspace/rtcc_temp/_ide/psinit/ps7_init.tcl' is done.
14:33:53 INFO  : 'ps7_init' command is executed.
14:33:53 INFO  : 'ps7_post_config' command is executed.
14:33:53 INFO  : Context for processor 'ps7_cortexa9_0' is selected.
14:33:54 INFO  : The application '/home/user/workspace/rtcc_temp/Debug/rtcc_temp.elf' is downloaded to processor 'ps7_cortexa9_0'.
14:33:54 INFO  : 'configparams force-mem-access 0' command is executed.
14:33:54 INFO  : ----------------XSDB Script----------------
connect -url tcp:127.0.0.1:3121
targets -set -nocase -filter {name =~"APU*"}
rst -system
after 3000
targets -set -filter {jtag_cable_name =~ "Digilent Zybo Z7 210351AB76CAA" && level==0 && jtag_device_ctx=="jsn-Zybo Z7-210351AB76CAA-13722093-0"}
fpga -file /home/user/workspace/rtcc_temp/_ide/bitstream/design_1_wrapper.bit
targets -set -nocase -filter {name =~"APU*"}
loadhw -hw /home/user/workspace/design_1_wrapper/export/design_1_wrapper/hw/design_1_wrapper.xsa -mem-ranges [list {0x40000000 0xbfffffff}] -regs
configparams force-mem-access 1
targets -set -nocase -filter {name =~"APU*"}
source /home/user/workspace/rtcc_temp/_ide/psinit/ps7_init.tcl
ps7_init
ps7_post_config
targets -set -nocase -filter {name =~ "*A9*#0"}
dow /home/user/workspace/rtcc_temp/Debug/rtcc_temp.elf
configparams force-mem-access 0
----------------End of Script----------------

14:34:39 INFO  : Disconnected from the channel tcfchan#9.
14:34:40 INFO  : Connected to target on host '127.0.0.1' and port '3121'.
14:34:40 INFO  : Jtag cable 'Digilent Zybo Z7 210351AB76CAA' is selected.
14:34:40 INFO  : 'jtag frequency' command is executed.
14:34:40 INFO  : Context for 'APU' is selected.
14:34:40 INFO  : System reset is completed.
14:34:43 INFO  : 'after 3000' command is executed.
14:34:43 INFO  : 'targets -set -filter {jtag_cable_name =~ "Digilent Zybo Z7 210351AB76CAA" && level==0 && jtag_device_ctx=="jsn-Zybo Z7-210351AB76CAA-13722093-0"}' command is executed.
14:34:45 INFO  : Device configured successfully with "/home/user/workspace/rtcc_temp/_ide/bitstream/design_1_wrapper.bit"
14:34:45 INFO  : Context for 'APU' is selected.
14:34:45 INFO  : Hardware design and registers information is loaded from '/home/user/workspace/design_1_wrapper/export/design_1_wrapper/hw/design_1_wrapper.xsa'.
14:34:45 INFO  : 'configparams force-mem-access 1' command is executed.
14:34:45 INFO  : Context for 'APU' is selected.
14:34:45 INFO  : Sourcing of '/home/user/workspace/rtcc_temp/_ide/psinit/ps7_init.tcl' is done.
14:34:45 INFO  : 'ps7_init' command is executed.
14:34:45 INFO  : 'ps7_post_config' command is executed.
14:34:45 INFO  : Context for processor 'ps7_cortexa9_0' is selected.
14:34:45 INFO  : The application '/home/user/workspace/rtcc_temp/Debug/rtcc_temp.elf' is downloaded to processor 'ps7_cortexa9_0'.
14:34:45 INFO  : 'configparams force-mem-access 0' command is executed.
14:34:45 INFO  : ----------------XSDB Script----------------
connect -url tcp:127.0.0.1:3121
targets -set -nocase -filter {name =~"APU*"}
rst -system
after 3000
targets -set -filter {jtag_cable_name =~ "Digilent Zybo Z7 210351AB76CAA" && level==0 && jtag_device_ctx=="jsn-Zybo Z7-210351AB76CAA-13722093-0"}
fpga -file /home/user/workspace/rtcc_temp/_ide/bitstream/design_1_wrapper.bit
targets -set -nocase -filter {name =~"APU*"}
loadhw -hw /home/user/workspace/design_1_wrapper/export/design_1_wrapper/hw/design_1_wrapper.xsa -mem-ranges [list {0x40000000 0xbfffffff}] -regs
configparams force-mem-access 1
targets -set -nocase -filter {name =~"APU*"}
source /home/user/workspace/rtcc_temp/_ide/psinit/ps7_init.tcl
ps7_init
ps7_post_config
targets -set -nocase -filter {name =~ "*A9*#0"}
dow /home/user/workspace/rtcc_temp/Debug/rtcc_temp.elf
configparams force-mem-access 0
----------------End of Script----------------

14:35:48 INFO  : Disconnected from the channel tcfchan#10.
14:38:33 INFO  : Checking for BSP changes to sync application flags for project 'rtcc_temp'...
14:40:03 INFO  : Checking for BSP changes to sync application flags for project 'rtcc_temp'...
14:40:20 INFO  : Checking for BSP changes to sync application flags for project 'rtcc_temp'...
14:41:03 INFO  : Checking for BSP changes to sync application flags for project 'rtcc_temp'...
14:41:10 INFO  : Connected to target on host '127.0.0.1' and port '3121'.
14:41:10 INFO  : Jtag cable 'Digilent Zybo Z7 210351AB76CAA' is selected.
14:41:10 INFO  : 'jtag frequency' command is executed.
14:41:10 INFO  : Context for 'APU' is selected.
14:41:10 INFO  : System reset is completed.
14:41:13 INFO  : 'after 3000' command is executed.
14:41:13 INFO  : 'targets -set -filter {jtag_cable_name =~ "Digilent Zybo Z7 210351AB76CAA" && level==0 && jtag_device_ctx=="jsn-Zybo Z7-210351AB76CAA-13722093-0"}' command is executed.
14:41:15 INFO  : Device configured successfully with "/home/user/workspace/rtcc_temp/_ide/bitstream/design_1_wrapper.bit"
14:41:15 INFO  : Context for 'APU' is selected.
14:41:15 INFO  : Hardware design and registers information is loaded from '/home/user/workspace/design_1_wrapper/export/design_1_wrapper/hw/design_1_wrapper.xsa'.
14:41:15 INFO  : 'configparams force-mem-access 1' command is executed.
14:41:15 INFO  : Context for 'APU' is selected.
14:41:15 INFO  : Sourcing of '/home/user/workspace/rtcc_temp/_ide/psinit/ps7_init.tcl' is done.
14:41:15 INFO  : 'ps7_init' command is executed.
14:41:15 INFO  : 'ps7_post_config' command is executed.
14:41:15 INFO  : Context for processor 'ps7_cortexa9_0' is selected.
14:41:15 INFO  : The application '/home/user/workspace/rtcc_temp/Debug/rtcc_temp.elf' is downloaded to processor 'ps7_cortexa9_0'.
14:41:15 INFO  : 'configparams force-mem-access 0' command is executed.
14:41:15 INFO  : ----------------XSDB Script----------------
connect -url tcp:127.0.0.1:3121
targets -set -nocase -filter {name =~"APU*"}
rst -system
after 3000
targets -set -filter {jtag_cable_name =~ "Digilent Zybo Z7 210351AB76CAA" && level==0 && jtag_device_ctx=="jsn-Zybo Z7-210351AB76CAA-13722093-0"}
fpga -file /home/user/workspace/rtcc_temp/_ide/bitstream/design_1_wrapper.bit
targets -set -nocase -filter {name =~"APU*"}
loadhw -hw /home/user/workspace/design_1_wrapper/export/design_1_wrapper/hw/design_1_wrapper.xsa -mem-ranges [list {0x40000000 0xbfffffff}] -regs
configparams force-mem-access 1
targets -set -nocase -filter {name =~"APU*"}
source /home/user/workspace/rtcc_temp/_ide/psinit/ps7_init.tcl
ps7_init
ps7_post_config
targets -set -nocase -filter {name =~ "*A9*#0"}
dow /home/user/workspace/rtcc_temp/Debug/rtcc_temp.elf
configparams force-mem-access 0
----------------End of Script----------------

14:43:14 INFO  : Checking for BSP changes to sync application flags for project 'rtcc_temp'...
14:43:20 INFO  : Disconnected from the channel tcfchan#11.
14:43:21 INFO  : Connected to target on host '127.0.0.1' and port '3121'.
14:43:21 INFO  : Jtag cable 'Digilent Zybo Z7 210351AB76CAA' is selected.
14:43:21 INFO  : 'jtag frequency' command is executed.
14:43:21 INFO  : Context for 'APU' is selected.
14:43:21 INFO  : System reset is completed.
14:43:24 INFO  : 'after 3000' command is executed.
14:43:24 INFO  : 'targets -set -filter {jtag_cable_name =~ "Digilent Zybo Z7 210351AB76CAA" && level==0 && jtag_device_ctx=="jsn-Zybo Z7-210351AB76CAA-13722093-0"}' command is executed.
14:43:25 INFO  : Device configured successfully with "/home/user/workspace/rtcc_temp/_ide/bitstream/design_1_wrapper.bit"
14:43:25 INFO  : Context for 'APU' is selected.
14:43:25 INFO  : Hardware design and registers information is loaded from '/home/user/workspace/design_1_wrapper/export/design_1_wrapper/hw/design_1_wrapper.xsa'.
14:43:25 INFO  : 'configparams force-mem-access 1' command is executed.
14:43:25 INFO  : Context for 'APU' is selected.
14:43:25 INFO  : Sourcing of '/home/user/workspace/rtcc_temp/_ide/psinit/ps7_init.tcl' is done.
14:43:26 INFO  : 'ps7_init' command is executed.
14:43:26 INFO  : 'ps7_post_config' command is executed.
14:43:26 INFO  : Context for processor 'ps7_cortexa9_0' is selected.
14:43:26 INFO  : The application '/home/user/workspace/rtcc_temp/Debug/rtcc_temp.elf' is downloaded to processor 'ps7_cortexa9_0'.
14:43:26 INFO  : 'configparams force-mem-access 0' command is executed.
14:43:26 INFO  : ----------------XSDB Script----------------
connect -url tcp:127.0.0.1:3121
targets -set -nocase -filter {name =~"APU*"}
rst -system
after 3000
targets -set -filter {jtag_cable_name =~ "Digilent Zybo Z7 210351AB76CAA" && level==0 && jtag_device_ctx=="jsn-Zybo Z7-210351AB76CAA-13722093-0"}
fpga -file /home/user/workspace/rtcc_temp/_ide/bitstream/design_1_wrapper.bit
targets -set -nocase -filter {name =~"APU*"}
loadhw -hw /home/user/workspace/design_1_wrapper/export/design_1_wrapper/hw/design_1_wrapper.xsa -mem-ranges [list {0x40000000 0xbfffffff}] -regs
configparams force-mem-access 1
targets -set -nocase -filter {name =~"APU*"}
source /home/user/workspace/rtcc_temp/_ide/psinit/ps7_init.tcl
ps7_init
ps7_post_config
targets -set -nocase -filter {name =~ "*A9*#0"}
dow /home/user/workspace/rtcc_temp/Debug/rtcc_temp.elf
configparams force-mem-access 0
----------------End of Script----------------

14:43:26 INFO  : Context for processor 'ps7_cortexa9_0' is selected.
14:43:26 INFO  : 'con' command is executed.
14:43:26 INFO  : ----------------XSDB Script (After Launch)----------------
targets -set -nocase -filter {name =~ "*A9*#0"}
con
----------------End of Script----------------

14:43:26 INFO  : Disconnected from the channel tcfchan#12.
14:43:37 INFO  : Connected to target on host '127.0.0.1' and port '3121'.
14:43:37 INFO  : Jtag cable 'Digilent Zybo Z7 210351AB76CAA' is selected.
14:43:37 INFO  : 'jtag frequency' command is executed.
14:43:37 INFO  : Context for 'APU' is selected.
14:43:37 INFO  : System reset is completed.
14:43:40 INFO  : 'after 3000' command is executed.
14:43:40 INFO  : 'targets -set -filter {jtag_cable_name =~ "Digilent Zybo Z7 210351AB76CAA" && level==0 && jtag_device_ctx=="jsn-Zybo Z7-210351AB76CAA-13722093-0"}' command is executed.
14:43:41 INFO  : Device configured successfully with "/home/user/workspace/rtcc_temp/_ide/bitstream/design_1_wrapper.bit"
14:43:41 INFO  : Context for 'APU' is selected.
14:43:41 INFO  : Hardware design and registers information is loaded from '/home/user/workspace/design_1_wrapper/export/design_1_wrapper/hw/design_1_wrapper.xsa'.
14:43:41 INFO  : 'configparams force-mem-access 1' command is executed.
14:43:41 INFO  : Context for 'APU' is selected.
14:43:41 INFO  : Sourcing of '/home/user/workspace/rtcc_temp/_ide/psinit/ps7_init.tcl' is done.
14:43:41 INFO  : 'ps7_init' command is executed.
14:43:41 INFO  : 'ps7_post_config' command is executed.
14:43:41 INFO  : Context for processor 'ps7_cortexa9_0' is selected.
14:43:42 INFO  : The application '/home/user/workspace/rtcc_temp/Debug/rtcc_temp.elf' is downloaded to processor 'ps7_cortexa9_0'.
14:43:42 INFO  : 'configparams force-mem-access 0' command is executed.
14:43:42 INFO  : ----------------XSDB Script----------------
connect -url tcp:127.0.0.1:3121
targets -set -nocase -filter {name =~"APU*"}
rst -system
after 3000
targets -set -filter {jtag_cable_name =~ "Digilent Zybo Z7 210351AB76CAA" && level==0 && jtag_device_ctx=="jsn-Zybo Z7-210351AB76CAA-13722093-0"}
fpga -file /home/user/workspace/rtcc_temp/_ide/bitstream/design_1_wrapper.bit
targets -set -nocase -filter {name =~"APU*"}
loadhw -hw /home/user/workspace/design_1_wrapper/export/design_1_wrapper/hw/design_1_wrapper.xsa -mem-ranges [list {0x40000000 0xbfffffff}] -regs
configparams force-mem-access 1
targets -set -nocase -filter {name =~"APU*"}
source /home/user/workspace/rtcc_temp/_ide/psinit/ps7_init.tcl
ps7_init
ps7_post_config
targets -set -nocase -filter {name =~ "*A9*#0"}
dow /home/user/workspace/rtcc_temp/Debug/rtcc_temp.elf
configparams force-mem-access 0
----------------End of Script----------------

14:43:54 INFO  : Disconnected from the channel tcfchan#13.
14:43:55 INFO  : Connected to target on host '127.0.0.1' and port '3121'.
14:43:55 INFO  : Jtag cable 'Digilent Zybo Z7 210351AB76CAA' is selected.
14:43:55 INFO  : 'jtag frequency' command is executed.
14:43:55 INFO  : Context for 'APU' is selected.
14:43:55 INFO  : System reset is completed.
14:43:58 INFO  : 'after 3000' command is executed.
14:43:58 INFO  : 'targets -set -filter {jtag_cable_name =~ "Digilent Zybo Z7 210351AB76CAA" && level==0 && jtag_device_ctx=="jsn-Zybo Z7-210351AB76CAA-13722093-0"}' command is executed.
14:44:00 INFO  : Device configured successfully with "/home/user/workspace/rtcc_temp/_ide/bitstream/design_1_wrapper.bit"
14:44:00 INFO  : Context for 'APU' is selected.
14:44:00 INFO  : Hardware design and registers information is loaded from '/home/user/workspace/design_1_wrapper/export/design_1_wrapper/hw/design_1_wrapper.xsa'.
14:44:00 INFO  : 'configparams force-mem-access 1' command is executed.
14:44:00 INFO  : Context for 'APU' is selected.
14:44:00 INFO  : Sourcing of '/home/user/workspace/rtcc_temp/_ide/psinit/ps7_init.tcl' is done.
14:44:00 INFO  : 'ps7_init' command is executed.
14:44:00 INFO  : 'ps7_post_config' command is executed.
14:44:00 INFO  : Context for processor 'ps7_cortexa9_0' is selected.
14:44:00 INFO  : The application '/home/user/workspace/rtcc_temp/Debug/rtcc_temp.elf' is downloaded to processor 'ps7_cortexa9_0'.
14:44:00 INFO  : 'configparams force-mem-access 0' command is executed.
14:44:00 INFO  : ----------------XSDB Script----------------
connect -url tcp:127.0.0.1:3121
targets -set -nocase -filter {name =~"APU*"}
rst -system
after 3000
targets -set -filter {jtag_cable_name =~ "Digilent Zybo Z7 210351AB76CAA" && level==0 && jtag_device_ctx=="jsn-Zybo Z7-210351AB76CAA-13722093-0"}
fpga -file /home/user/workspace/rtcc_temp/_ide/bitstream/design_1_wrapper.bit
targets -set -nocase -filter {name =~"APU*"}
loadhw -hw /home/user/workspace/design_1_wrapper/export/design_1_wrapper/hw/design_1_wrapper.xsa -mem-ranges [list {0x40000000 0xbfffffff}] -regs
configparams force-mem-access 1
targets -set -nocase -filter {name =~"APU*"}
source /home/user/workspace/rtcc_temp/_ide/psinit/ps7_init.tcl
ps7_init
ps7_post_config
targets -set -nocase -filter {name =~ "*A9*#0"}
dow /home/user/workspace/rtcc_temp/Debug/rtcc_temp.elf
configparams force-mem-access 0
----------------End of Script----------------

14:46:02 INFO  : Checking for BSP changes to sync application flags for project 'rtcc_test'...
14:46:10 INFO  : Disconnected from the channel tcfchan#14.
14:46:11 INFO  : Connected to target on host '127.0.0.1' and port '3121'.
14:46:11 INFO  : Jtag cable 'Digilent Zybo Z7 210351AB76CAA' is selected.
14:46:11 INFO  : 'jtag frequency' command is executed.
14:46:11 INFO  : Context for 'APU' is selected.
14:46:11 INFO  : System reset is completed.
14:46:14 INFO  : 'after 3000' command is executed.
14:46:14 INFO  : 'targets -set -filter {jtag_cable_name =~ "Digilent Zybo Z7 210351AB76CAA" && level==0 && jtag_device_ctx=="jsn-Zybo Z7-210351AB76CAA-13722093-0"}' command is executed.
14:46:15 INFO  : Device configured successfully with "/home/user/workspace/rtcc_test/_ide/bitstream/design_1_wrapper.bit"
14:46:15 INFO  : Context for 'APU' is selected.
14:46:15 INFO  : Hardware design and registers information is loaded from '/home/user/workspace/design_1_wrapper/export/design_1_wrapper/hw/design_1_wrapper.xsa'.
14:46:15 INFO  : 'configparams force-mem-access 1' command is executed.
14:46:15 INFO  : Context for 'APU' is selected.
14:46:15 INFO  : Sourcing of '/home/user/workspace/rtcc_test/_ide/psinit/ps7_init.tcl' is done.
14:46:16 INFO  : 'ps7_init' command is executed.
14:46:16 INFO  : 'ps7_post_config' command is executed.
14:46:16 INFO  : Context for processor 'ps7_cortexa9_0' is selected.
14:46:16 INFO  : The application '/home/user/workspace/rtcc_test/Debug/rtcc_test.elf' is downloaded to processor 'ps7_cortexa9_0'.
14:46:16 INFO  : 'configparams force-mem-access 0' command is executed.
14:46:16 INFO  : ----------------XSDB Script----------------
connect -url tcp:127.0.0.1:3121
targets -set -nocase -filter {name =~"APU*"}
rst -system
after 3000
targets -set -filter {jtag_cable_name =~ "Digilent Zybo Z7 210351AB76CAA" && level==0 && jtag_device_ctx=="jsn-Zybo Z7-210351AB76CAA-13722093-0"}
fpga -file /home/user/workspace/rtcc_test/_ide/bitstream/design_1_wrapper.bit
targets -set -nocase -filter {name =~"APU*"}
loadhw -hw /home/user/workspace/design_1_wrapper/export/design_1_wrapper/hw/design_1_wrapper.xsa -mem-ranges [list {0x40000000 0xbfffffff}] -regs
configparams force-mem-access 1
targets -set -nocase -filter {name =~"APU*"}
source /home/user/workspace/rtcc_test/_ide/psinit/ps7_init.tcl
ps7_init
ps7_post_config
targets -set -nocase -filter {name =~ "*A9*#0"}
dow /home/user/workspace/rtcc_test/Debug/rtcc_test.elf
configparams force-mem-access 0
----------------End of Script----------------

14:46:27 INFO  : Disconnected from the channel tcfchan#15.
14:46:39 INFO  : Connected to target on host '127.0.0.1' and port '3121'.
14:46:39 INFO  : 'targets -set -filter {jtag_cable_name =~ "Digilent Zybo Z7 210351AB76CAA" && level==0 && jtag_device_ctx=="jsn-Zybo Z7-210351AB76CAA-13722093-0"}' command is executed.
14:46:40 INFO  : Device configured successfully with "/home/user/workspace/rtcc_test/_ide/bitstream/design_1_wrapper.bit"
14:46:45 INFO  : Connected to target on host '127.0.0.1' and port '3121'.
14:46:45 INFO  : Jtag cable 'Digilent Zybo Z7 210351AB76CAA' is selected.
14:46:45 INFO  : 'jtag frequency' command is executed.
14:46:45 INFO  : Context for 'APU' is selected.
14:46:45 INFO  : System reset is completed.
14:46:48 INFO  : 'after 3000' command is executed.
14:46:48 INFO  : 'targets -set -filter {jtag_cable_name =~ "Digilent Zybo Z7 210351AB76CAA" && level==0 && jtag_device_ctx=="jsn-Zybo Z7-210351AB76CAA-13722093-0"}' command is executed.
14:46:49 INFO  : Device configured successfully with "/home/user/workspace/rtcc_test/_ide/bitstream/design_1_wrapper.bit"
14:46:49 INFO  : Context for 'APU' is selected.
14:46:49 INFO  : Hardware design and registers information is loaded from '/home/user/workspace/design_1_wrapper/export/design_1_wrapper/hw/design_1_wrapper.xsa'.
14:46:49 INFO  : 'configparams force-mem-access 1' command is executed.
14:46:49 INFO  : Context for 'APU' is selected.
14:46:49 INFO  : Sourcing of '/home/user/workspace/rtcc_test/_ide/psinit/ps7_init.tcl' is done.
14:46:50 INFO  : 'ps7_init' command is executed.
14:46:50 INFO  : 'ps7_post_config' command is executed.
14:46:50 INFO  : Context for processor 'ps7_cortexa9_0' is selected.
14:46:50 INFO  : The application '/home/user/workspace/rtcc_test/Debug/rtcc_test.elf' is downloaded to processor 'ps7_cortexa9_0'.
14:46:50 INFO  : 'configparams force-mem-access 0' command is executed.
14:46:50 INFO  : ----------------XSDB Script----------------
connect -url tcp:127.0.0.1:3121
targets -set -nocase -filter {name =~"APU*"}
rst -system
after 3000
targets -set -filter {jtag_cable_name =~ "Digilent Zybo Z7 210351AB76CAA" && level==0 && jtag_device_ctx=="jsn-Zybo Z7-210351AB76CAA-13722093-0"}
fpga -file /home/user/workspace/rtcc_test/_ide/bitstream/design_1_wrapper.bit
targets -set -nocase -filter {name =~"APU*"}
loadhw -hw /home/user/workspace/design_1_wrapper/export/design_1_wrapper/hw/design_1_wrapper.xsa -mem-ranges [list {0x40000000 0xbfffffff}] -regs
configparams force-mem-access 1
targets -set -nocase -filter {name =~"APU*"}
source /home/user/workspace/rtcc_test/_ide/psinit/ps7_init.tcl
ps7_init
ps7_post_config
targets -set -nocase -filter {name =~ "*A9*#0"}
dow /home/user/workspace/rtcc_test/Debug/rtcc_test.elf
configparams force-mem-access 0
----------------End of Script----------------

14:46:59 INFO  : Disconnected from the channel tcfchan#16.
14:47:03 INFO  : Connected to target on host '127.0.0.1' and port '3121'.
14:47:03 INFO  : Jtag cable 'Digilent Zybo Z7 210351AB76CAA' is selected.
14:47:03 INFO  : 'jtag frequency' command is executed.
14:47:03 INFO  : Context for 'APU' is selected.
14:47:03 INFO  : System reset is completed.
14:47:06 INFO  : 'after 3000' command is executed.
14:47:07 INFO  : 'targets -set -filter {jtag_cable_name =~ "Digilent Zybo Z7 210351AB76CAA" && level==0 && jtag_device_ctx=="jsn-Zybo Z7-210351AB76CAA-13722093-0"}' command is executed.
14:47:08 INFO  : Device configured successfully with "/home/user/workspace/rtcc_test/_ide/bitstream/design_1_wrapper.bit"
14:47:08 INFO  : Context for 'APU' is selected.
14:47:08 INFO  : Hardware design and registers information is loaded from '/home/user/workspace/design_1_wrapper/export/design_1_wrapper/hw/design_1_wrapper.xsa'.
14:47:08 INFO  : 'configparams force-mem-access 1' command is executed.
14:47:08 INFO  : Context for 'APU' is selected.
14:47:08 INFO  : Sourcing of '/home/user/workspace/rtcc_test/_ide/psinit/ps7_init.tcl' is done.
14:47:08 INFO  : 'ps7_init' command is executed.
14:47:08 INFO  : 'ps7_post_config' command is executed.
14:47:08 INFO  : Context for processor 'ps7_cortexa9_0' is selected.
14:47:08 INFO  : The application '/home/user/workspace/rtcc_test/Debug/rtcc_test.elf' is downloaded to processor 'ps7_cortexa9_0'.
14:47:08 INFO  : 'configparams force-mem-access 0' command is executed.
14:47:08 INFO  : ----------------XSDB Script----------------
connect -url tcp:127.0.0.1:3121
targets -set -nocase -filter {name =~"APU*"}
rst -system
after 3000
targets -set -filter {jtag_cable_name =~ "Digilent Zybo Z7 210351AB76CAA" && level==0 && jtag_device_ctx=="jsn-Zybo Z7-210351AB76CAA-13722093-0"}
fpga -file /home/user/workspace/rtcc_test/_ide/bitstream/design_1_wrapper.bit
targets -set -nocase -filter {name =~"APU*"}
loadhw -hw /home/user/workspace/design_1_wrapper/export/design_1_wrapper/hw/design_1_wrapper.xsa -mem-ranges [list {0x40000000 0xbfffffff}] -regs
configparams force-mem-access 1
targets -set -nocase -filter {name =~"APU*"}
source /home/user/workspace/rtcc_test/_ide/psinit/ps7_init.tcl
ps7_init
ps7_post_config
targets -set -nocase -filter {name =~ "*A9*#0"}
dow /home/user/workspace/rtcc_test/Debug/rtcc_test.elf
configparams force-mem-access 0
----------------End of Script----------------

14:47:37 INFO  : Launching XSCT server: xsct -n  -interactive /home/user/workspace/temp_xsdb_launch_script.tcl
14:47:39 INFO  : Platform repository initialization has completed.
14:47:39 INFO  : Registering command handlers for Vitis TCF services
14:47:41 INFO  : XSCT server has started successfully.
14:47:41 INFO  : plnx-install-location is set to ''
14:47:41 INFO  : Successfully done setting XSCT server connection channel  
14:47:41 INFO  : Successfully done setting workspace for the tool. 
14:47:41 INFO  : Successfully done query RDI_DATADIR 
14:47:57 INFO  : Connected to target on host '127.0.0.1' and port '3121'.
14:47:58 INFO  : Jtag cable 'Digilent Zybo Z7 210351AB76CAA' is selected.
14:47:58 INFO  : 'jtag frequency' command is executed.
14:47:58 INFO  : Context for 'APU' is selected.
14:47:58 INFO  : System reset is completed.
14:48:01 INFO  : 'after 3000' command is executed.
14:48:01 INFO  : 'targets -set -filter {jtag_cable_name =~ "Digilent Zybo Z7 210351AB76CAA" && level==0 && jtag_device_ctx=="jsn-Zybo Z7-210351AB76CAA-13722093-0"}' command is executed.
14:48:02 INFO  : Device configured successfully with "/home/user/workspace/rtcc_test/_ide/bitstream/design_1_wrapper.bit"
14:48:02 INFO  : Context for 'APU' is selected.
14:48:02 INFO  : Hardware design and registers information is loaded from '/home/user/workspace/design_1_wrapper/export/design_1_wrapper/hw/design_1_wrapper.xsa'.
14:48:02 INFO  : 'configparams force-mem-access 1' command is executed.
14:48:02 INFO  : Context for 'APU' is selected.
14:48:02 INFO  : Sourcing of '/home/user/workspace/rtcc_test/_ide/psinit/ps7_init.tcl' is done.
14:48:02 INFO  : 'ps7_init' command is executed.
14:48:02 INFO  : 'ps7_post_config' command is executed.
14:48:02 INFO  : Context for processor 'ps7_cortexa9_0' is selected.
14:48:02 INFO  : The application '/home/user/workspace/rtcc_test/Debug/rtcc_test.elf' is downloaded to processor 'ps7_cortexa9_0'.
14:48:03 INFO  : 'configparams force-mem-access 0' command is executed.
14:48:03 INFO  : ----------------XSDB Script----------------
connect -url tcp:127.0.0.1:3121
targets -set -nocase -filter {name =~"APU*"}
rst -system
after 3000
targets -set -filter {jtag_cable_name =~ "Digilent Zybo Z7 210351AB76CAA" && level==0 && jtag_device_ctx=="jsn-Zybo Z7-210351AB76CAA-13722093-0"}
fpga -file /home/user/workspace/rtcc_test/_ide/bitstream/design_1_wrapper.bit
targets -set -nocase -filter {name =~"APU*"}
loadhw -hw /home/user/workspace/design_1_wrapper/export/design_1_wrapper/hw/design_1_wrapper.xsa -mem-ranges [list {0x40000000 0xbfffffff}] -regs
configparams force-mem-access 1
targets -set -nocase -filter {name =~"APU*"}
source /home/user/workspace/rtcc_test/_ide/psinit/ps7_init.tcl
ps7_init
ps7_post_config
targets -set -nocase -filter {name =~ "*A9*#0"}
dow /home/user/workspace/rtcc_test/Debug/rtcc_test.elf
configparams force-mem-access 0
----------------End of Script----------------

14:48:49 INFO  : Disconnected from the channel tcfchan#1.
14:49:01 INFO  : Connected to target on host '127.0.0.1' and port '3121'.
14:49:02 INFO  : Jtag cable 'Digilent Zybo Z7 210351AB76CAA' is selected.
14:49:02 INFO  : 'jtag frequency' command is executed.
14:49:02 INFO  : Context for 'APU' is selected.
14:49:02 INFO  : System reset is completed.
14:49:05 INFO  : 'after 3000' command is executed.
14:49:05 INFO  : 'targets -set -filter {jtag_cable_name =~ "Digilent Zybo Z7 210351AB76CAA" && level==0 && jtag_device_ctx=="jsn-Zybo Z7-210351AB76CAA-13722093-0"}' command is executed.
14:49:06 INFO  : Device configured successfully with "/home/user/workspace/rtcc_test/_ide/bitstream/design_1_wrapper.bit"
14:49:06 INFO  : Context for 'APU' is selected.
14:49:07 INFO  : Hardware design and registers information is loaded from '/home/user/workspace/design_1_wrapper/export/design_1_wrapper/hw/design_1_wrapper.xsa'.
14:49:07 INFO  : 'configparams force-mem-access 1' command is executed.
14:49:07 INFO  : Context for 'APU' is selected.
14:49:07 INFO  : Sourcing of '/home/user/workspace/rtcc_test/_ide/psinit/ps7_init.tcl' is done.
14:49:08 INFO  : 'ps7_init' command is executed.
14:49:08 INFO  : 'ps7_post_config' command is executed.
14:49:08 INFO  : Context for processor 'ps7_cortexa9_0' is selected.
14:49:08 INFO  : The application '/home/user/workspace/rtcc_test/Debug/rtcc_test.elf' is downloaded to processor 'ps7_cortexa9_0'.
14:49:08 INFO  : 'configparams force-mem-access 0' command is executed.
14:49:08 INFO  : ----------------XSDB Script----------------
connect -url tcp:127.0.0.1:3121
targets -set -nocase -filter {name =~"APU*"}
rst -system
after 3000
targets -set -filter {jtag_cable_name =~ "Digilent Zybo Z7 210351AB76CAA" && level==0 && jtag_device_ctx=="jsn-Zybo Z7-210351AB76CAA-13722093-0"}
fpga -file /home/user/workspace/rtcc_test/_ide/bitstream/design_1_wrapper.bit
targets -set -nocase -filter {name =~"APU*"}
loadhw -hw /home/user/workspace/design_1_wrapper/export/design_1_wrapper/hw/design_1_wrapper.xsa -mem-ranges [list {0x40000000 0xbfffffff}] -regs
configparams force-mem-access 1
targets -set -nocase -filter {name =~"APU*"}
source /home/user/workspace/rtcc_test/_ide/psinit/ps7_init.tcl
ps7_init
ps7_post_config
targets -set -nocase -filter {name =~ "*A9*#0"}
dow /home/user/workspace/rtcc_test/Debug/rtcc_test.elf
configparams force-mem-access 0
----------------End of Script----------------

14:49:36 WARN  : channel "tcfchan#2" closed
14:49:47 INFO  : Connected to target on host '127.0.0.1' and port '3121'.
14:49:48 INFO  : Jtag cable 'Digilent Zybo Z7 210351AB76CAA' is selected.
14:49:48 INFO  : 'jtag frequency' command is executed.
14:49:48 INFO  : Context for 'APU' is selected.
14:49:48 INFO  : System reset is completed.
14:49:51 INFO  : 'after 3000' command is executed.
14:49:51 INFO  : 'targets -set -filter {jtag_cable_name =~ "Digilent Zybo Z7 210351AB76CAA" && level==0 && jtag_device_ctx=="jsn-Zybo Z7-210351AB76CAA-13722093-0"}' command is executed.
14:49:52 INFO  : Device configured successfully with "/home/user/workspace/rtcc_test/_ide/bitstream/design_1_wrapper.bit"
14:49:52 INFO  : Context for 'APU' is selected.
14:49:53 INFO  : Hardware design and registers information is loaded from '/home/user/workspace/design_1_wrapper/export/design_1_wrapper/hw/design_1_wrapper.xsa'.
14:49:53 INFO  : 'configparams force-mem-access 1' command is executed.
14:49:54 INFO  : Context for 'APU' is selected.
14:49:54 INFO  : Sourcing of '/home/user/workspace/rtcc_test/_ide/psinit/ps7_init.tcl' is done.
14:49:54 INFO  : 'ps7_init' command is executed.
14:49:54 INFO  : 'ps7_post_config' command is executed.
14:49:54 INFO  : Context for processor 'ps7_cortexa9_0' is selected.
14:49:54 INFO  : The application '/home/user/workspace/rtcc_test/Debug/rtcc_test.elf' is downloaded to processor 'ps7_cortexa9_0'.
14:49:54 INFO  : 'configparams force-mem-access 0' command is executed.
14:49:54 INFO  : ----------------XSDB Script----------------
connect -url tcp:127.0.0.1:3121
targets -set -nocase -filter {name =~"APU*"}
rst -system
after 3000
targets -set -filter {jtag_cable_name =~ "Digilent Zybo Z7 210351AB76CAA" && level==0 && jtag_device_ctx=="jsn-Zybo Z7-210351AB76CAA-13722093-0"}
fpga -file /home/user/workspace/rtcc_test/_ide/bitstream/design_1_wrapper.bit
targets -set -nocase -filter {name =~"APU*"}
loadhw -hw /home/user/workspace/design_1_wrapper/export/design_1_wrapper/hw/design_1_wrapper.xsa -mem-ranges [list {0x40000000 0xbfffffff}] -regs
configparams force-mem-access 1
targets -set -nocase -filter {name =~"APU*"}
source /home/user/workspace/rtcc_test/_ide/psinit/ps7_init.tcl
ps7_init
ps7_post_config
targets -set -nocase -filter {name =~ "*A9*#0"}
dow /home/user/workspace/rtcc_test/Debug/rtcc_test.elf
configparams force-mem-access 0
----------------End of Script----------------

14:50:15 INFO  : Disconnected from the channel tcfchan#3.
14:50:18 INFO  : Connected to target on host '127.0.0.1' and port '3121'.
14:50:19 INFO  : Jtag cable 'Digilent Zybo Z7 210351AB76CAA' is selected.
14:50:19 INFO  : 'jtag frequency' command is executed.
14:50:19 INFO  : Context for 'APU' is selected.
14:50:19 INFO  : System reset is completed.
14:50:22 INFO  : 'after 3000' command is executed.
14:50:22 INFO  : 'targets -set -filter {jtag_cable_name =~ "Digilent Zybo Z7 210351AB76CAA" && level==0 && jtag_device_ctx=="jsn-Zybo Z7-210351AB76CAA-13722093-0"}' command is executed.
14:50:23 INFO  : Device configured successfully with "/home/user/workspace/rtcc_test/_ide/bitstream/design_1_wrapper.bit"
14:50:23 INFO  : Context for 'APU' is selected.
14:50:24 INFO  : Hardware design and registers information is loaded from '/home/user/workspace/design_1_wrapper/export/design_1_wrapper/hw/design_1_wrapper.xsa'.
14:50:24 INFO  : 'configparams force-mem-access 1' command is executed.
14:50:24 INFO  : Context for 'APU' is selected.
14:50:24 INFO  : Sourcing of '/home/user/workspace/rtcc_test/_ide/psinit/ps7_init.tcl' is done.
14:50:25 INFO  : 'ps7_init' command is executed.
14:50:25 INFO  : 'ps7_post_config' command is executed.
14:50:25 INFO  : Context for processor 'ps7_cortexa9_0' is selected.
14:50:25 INFO  : The application '/home/user/workspace/rtcc_test/Debug/rtcc_test.elf' is downloaded to processor 'ps7_cortexa9_0'.
14:50:25 INFO  : 'configparams force-mem-access 0' command is executed.
14:50:25 INFO  : ----------------XSDB Script----------------
connect -url tcp:127.0.0.1:3121
targets -set -nocase -filter {name =~"APU*"}
rst -system
after 3000
targets -set -filter {jtag_cable_name =~ "Digilent Zybo Z7 210351AB76CAA" && level==0 && jtag_device_ctx=="jsn-Zybo Z7-210351AB76CAA-13722093-0"}
fpga -file /home/user/workspace/rtcc_test/_ide/bitstream/design_1_wrapper.bit
targets -set -nocase -filter {name =~"APU*"}
loadhw -hw /home/user/workspace/design_1_wrapper/export/design_1_wrapper/hw/design_1_wrapper.xsa -mem-ranges [list {0x40000000 0xbfffffff}] -regs
configparams force-mem-access 1
targets -set -nocase -filter {name =~"APU*"}
source /home/user/workspace/rtcc_test/_ide/psinit/ps7_init.tcl
ps7_init
ps7_post_config
targets -set -nocase -filter {name =~ "*A9*#0"}
dow /home/user/workspace/rtcc_test/Debug/rtcc_test.elf
configparams force-mem-access 0
----------------End of Script----------------

14:50:43 INFO  : Disconnected from the channel tcfchan#4.
14:55:53 INFO  : Checking for BSP changes to sync application flags for project 'rtcc_test'...
14:56:03 INFO  : Connected to target on host '127.0.0.1' and port '3121'.
14:56:03 INFO  : Jtag cable 'Digilent Zybo Z7 210351AB76CAA' is selected.
14:56:03 INFO  : 'jtag frequency' command is executed.
14:56:03 INFO  : Context for 'APU' is selected.
14:56:04 INFO  : System reset is completed.
14:56:07 INFO  : 'after 3000' command is executed.
14:56:07 INFO  : 'targets -set -filter {jtag_cable_name =~ "Digilent Zybo Z7 210351AB76CAA" && level==0 && jtag_device_ctx=="jsn-Zybo Z7-210351AB76CAA-13722093-0"}' command is executed.
14:56:08 INFO  : Device configured successfully with "/home/user/workspace/rtcc_test/_ide/bitstream/design_1_wrapper.bit"
14:56:08 INFO  : Context for 'APU' is selected.
14:56:08 INFO  : Hardware design and registers information is loaded from '/home/user/workspace/design_1_wrapper/export/design_1_wrapper/hw/design_1_wrapper.xsa'.
14:56:08 INFO  : 'configparams force-mem-access 1' command is executed.
14:56:08 INFO  : Context for 'APU' is selected.
14:56:08 INFO  : Sourcing of '/home/user/workspace/rtcc_test/_ide/psinit/ps7_init.tcl' is done.
14:56:08 INFO  : 'ps7_init' command is executed.
14:56:08 INFO  : 'ps7_post_config' command is executed.
14:56:08 INFO  : Context for processor 'ps7_cortexa9_0' is selected.
14:56:08 INFO  : The application '/home/user/workspace/rtcc_test/Debug/rtcc_test.elf' is downloaded to processor 'ps7_cortexa9_0'.
14:56:08 INFO  : 'configparams force-mem-access 0' command is executed.
14:56:08 INFO  : ----------------XSDB Script----------------
connect -url tcp:127.0.0.1:3121
targets -set -nocase -filter {name =~"APU*"}
rst -system
after 3000
targets -set -filter {jtag_cable_name =~ "Digilent Zybo Z7 210351AB76CAA" && level==0 && jtag_device_ctx=="jsn-Zybo Z7-210351AB76CAA-13722093-0"}
fpga -file /home/user/workspace/rtcc_test/_ide/bitstream/design_1_wrapper.bit
targets -set -nocase -filter {name =~"APU*"}
loadhw -hw /home/user/workspace/design_1_wrapper/export/design_1_wrapper/hw/design_1_wrapper.xsa -mem-ranges [list {0x40000000 0xbfffffff}] -regs
configparams force-mem-access 1
targets -set -nocase -filter {name =~"APU*"}
source /home/user/workspace/rtcc_test/_ide/psinit/ps7_init.tcl
ps7_init
ps7_post_config
targets -set -nocase -filter {name =~ "*A9*#0"}
dow /home/user/workspace/rtcc_test/Debug/rtcc_test.elf
configparams force-mem-access 0
----------------End of Script----------------

14:56:24 INFO  : Disconnected from the channel tcfchan#5.
14:56:28 INFO  : Connected to target on host '127.0.0.1' and port '3121'.
14:56:29 INFO  : Jtag cable 'Digilent Zybo Z7 210351AB76CAA' is selected.
14:56:29 INFO  : 'jtag frequency' command is executed.
14:56:29 INFO  : Context for 'APU' is selected.
14:56:29 INFO  : System reset is completed.
14:56:32 INFO  : 'after 3000' command is executed.
14:56:32 INFO  : 'targets -set -filter {jtag_cable_name =~ "Digilent Zybo Z7 210351AB76CAA" && level==0 && jtag_device_ctx=="jsn-Zybo Z7-210351AB76CAA-13722093-0"}' command is executed.
14:56:33 INFO  : Device configured successfully with "/home/user/workspace/rtcc_temp/_ide/bitstream/design_1_wrapper.bit"
14:56:33 INFO  : Context for 'APU' is selected.
14:56:34 INFO  : Hardware design and registers information is loaded from '/home/user/workspace/design_1_wrapper/export/design_1_wrapper/hw/design_1_wrapper.xsa'.
14:56:34 INFO  : 'configparams force-mem-access 1' command is executed.
14:56:34 INFO  : Context for 'APU' is selected.
14:56:34 INFO  : Sourcing of '/home/user/workspace/rtcc_temp/_ide/psinit/ps7_init.tcl' is done.
14:56:35 INFO  : 'ps7_init' command is executed.
14:56:35 INFO  : 'ps7_post_config' command is executed.
14:56:35 INFO  : Context for processor 'ps7_cortexa9_0' is selected.
14:56:35 INFO  : The application '/home/user/workspace/rtcc_temp/Debug/rtcc_temp.elf' is downloaded to processor 'ps7_cortexa9_0'.
14:56:35 INFO  : 'configparams force-mem-access 0' command is executed.
14:56:35 INFO  : ----------------XSDB Script----------------
connect -url tcp:127.0.0.1:3121
targets -set -nocase -filter {name =~"APU*"}
rst -system
after 3000
targets -set -filter {jtag_cable_name =~ "Digilent Zybo Z7 210351AB76CAA" && level==0 && jtag_device_ctx=="jsn-Zybo Z7-210351AB76CAA-13722093-0"}
fpga -file /home/user/workspace/rtcc_temp/_ide/bitstream/design_1_wrapper.bit
targets -set -nocase -filter {name =~"APU*"}
loadhw -hw /home/user/workspace/design_1_wrapper/export/design_1_wrapper/hw/design_1_wrapper.xsa -mem-ranges [list {0x40000000 0xbfffffff}] -regs
configparams force-mem-access 1
targets -set -nocase -filter {name =~"APU*"}
source /home/user/workspace/rtcc_temp/_ide/psinit/ps7_init.tcl
ps7_init
ps7_post_config
targets -set -nocase -filter {name =~ "*A9*#0"}
dow /home/user/workspace/rtcc_temp/Debug/rtcc_temp.elf
configparams force-mem-access 0
----------------End of Script----------------

14:57:12 INFO  : Disconnected from the channel tcfchan#6.
14:57:14 INFO  : Checking for BSP changes to sync application flags for project 'rtcc_temp'...
14:57:17 INFO  : Connected to target on host '127.0.0.1' and port '3121'.
14:57:18 INFO  : Jtag cable 'Digilent Zybo Z7 210351AB76CAA' is selected.
14:57:18 INFO  : 'jtag frequency' command is executed.
14:57:18 INFO  : Context for 'APU' is selected.
14:57:18 INFO  : System reset is completed.
14:57:21 INFO  : 'after 3000' command is executed.
14:57:21 INFO  : 'targets -set -filter {jtag_cable_name =~ "Digilent Zybo Z7 210351AB76CAA" && level==0 && jtag_device_ctx=="jsn-Zybo Z7-210351AB76CAA-13722093-0"}' command is executed.
14:57:22 INFO  : Device configured successfully with "/home/user/workspace/rtcc_temp/_ide/bitstream/design_1_wrapper.bit"
14:57:22 INFO  : Context for 'APU' is selected.
14:57:22 INFO  : Hardware design and registers information is loaded from '/home/user/workspace/design_1_wrapper/export/design_1_wrapper/hw/design_1_wrapper.xsa'.
14:57:22 INFO  : 'configparams force-mem-access 1' command is executed.
14:57:22 INFO  : Context for 'APU' is selected.
14:57:22 INFO  : Sourcing of '/home/user/workspace/rtcc_temp/_ide/psinit/ps7_init.tcl' is done.
14:57:22 INFO  : 'ps7_init' command is executed.
14:57:22 INFO  : 'ps7_post_config' command is executed.
14:57:22 INFO  : Context for processor 'ps7_cortexa9_0' is selected.
14:57:22 INFO  : The application '/home/user/workspace/rtcc_temp/Debug/rtcc_temp.elf' is downloaded to processor 'ps7_cortexa9_0'.
14:57:23 INFO  : 'configparams force-mem-access 0' command is executed.
14:57:23 INFO  : ----------------XSDB Script----------------
connect -url tcp:127.0.0.1:3121
targets -set -nocase -filter {name =~"APU*"}
rst -system
after 3000
targets -set -filter {jtag_cable_name =~ "Digilent Zybo Z7 210351AB76CAA" && level==0 && jtag_device_ctx=="jsn-Zybo Z7-210351AB76CAA-13722093-0"}
fpga -file /home/user/workspace/rtcc_temp/_ide/bitstream/design_1_wrapper.bit
targets -set -nocase -filter {name =~"APU*"}
loadhw -hw /home/user/workspace/design_1_wrapper/export/design_1_wrapper/hw/design_1_wrapper.xsa -mem-ranges [list {0x40000000 0xbfffffff}] -regs
configparams force-mem-access 1
targets -set -nocase -filter {name =~"APU*"}
source /home/user/workspace/rtcc_temp/_ide/psinit/ps7_init.tcl
ps7_init
ps7_post_config
targets -set -nocase -filter {name =~ "*A9*#0"}
dow /home/user/workspace/rtcc_temp/Debug/rtcc_temp.elf
configparams force-mem-access 0
----------------End of Script----------------

14:58:16 INFO  : Disconnected from the channel tcfchan#7.
14:58:30 INFO  : Connected to target on host '127.0.0.1' and port '3121'.
14:58:30 INFO  : Jtag cable 'Digilent Zybo Z7 210351AB76CAA' is selected.
14:58:30 INFO  : 'jtag frequency' command is executed.
14:58:30 INFO  : Context for 'APU' is selected.
14:58:30 INFO  : System reset is completed.
14:58:33 INFO  : 'after 3000' command is executed.
14:58:33 INFO  : 'targets -set -filter {jtag_cable_name =~ "Digilent Zybo Z7 210351AB76CAA" && level==0 && jtag_device_ctx=="jsn-Zybo Z7-210351AB76CAA-13722093-0"}' command is executed.
14:58:35 INFO  : Device configured successfully with "/home/user/workspace/rtcc_temp/_ide/bitstream/design_1_wrapper.bit"
14:58:35 INFO  : Context for 'APU' is selected.
14:58:36 INFO  : Hardware design and registers information is loaded from '/home/user/workspace/design_1_wrapper/export/design_1_wrapper/hw/design_1_wrapper.xsa'.
14:58:36 INFO  : 'configparams force-mem-access 1' command is executed.
14:58:36 INFO  : Context for 'APU' is selected.
14:58:36 INFO  : Sourcing of '/home/user/workspace/rtcc_temp/_ide/psinit/ps7_init.tcl' is done.
14:58:37 INFO  : 'ps7_init' command is executed.
14:58:37 INFO  : 'ps7_post_config' command is executed.
14:58:37 INFO  : Context for processor 'ps7_cortexa9_0' is selected.
14:58:37 INFO  : The application '/home/user/workspace/rtcc_temp/Debug/rtcc_temp.elf' is downloaded to processor 'ps7_cortexa9_0'.
14:58:37 INFO  : 'configparams force-mem-access 0' command is executed.
14:58:37 INFO  : ----------------XSDB Script----------------
connect -url tcp:127.0.0.1:3121
targets -set -nocase -filter {name =~"APU*"}
rst -system
after 3000
targets -set -filter {jtag_cable_name =~ "Digilent Zybo Z7 210351AB76CAA" && level==0 && jtag_device_ctx=="jsn-Zybo Z7-210351AB76CAA-13722093-0"}
fpga -file /home/user/workspace/rtcc_temp/_ide/bitstream/design_1_wrapper.bit
targets -set -nocase -filter {name =~"APU*"}
loadhw -hw /home/user/workspace/design_1_wrapper/export/design_1_wrapper/hw/design_1_wrapper.xsa -mem-ranges [list {0x40000000 0xbfffffff}] -regs
configparams force-mem-access 1
targets -set -nocase -filter {name =~"APU*"}
source /home/user/workspace/rtcc_temp/_ide/psinit/ps7_init.tcl
ps7_init
ps7_post_config
targets -set -nocase -filter {name =~ "*A9*#0"}
dow /home/user/workspace/rtcc_temp/Debug/rtcc_temp.elf
configparams force-mem-access 0
----------------End of Script----------------

14:58:51 INFO  : Disconnected from the channel tcfchan#8.
14:59:03 INFO  : Checking for BSP changes to sync application flags for project 'rtcc_temp'...
14:59:09 INFO  : Connected to target on host '127.0.0.1' and port '3121'.
14:59:09 INFO  : Jtag cable 'Digilent Zybo Z7 210351AB76CAA' is selected.
14:59:09 INFO  : 'jtag frequency' command is executed.
14:59:09 INFO  : Context for 'APU' is selected.
14:59:09 INFO  : System reset is completed.
14:59:12 INFO  : 'after 3000' command is executed.
14:59:12 INFO  : 'targets -set -filter {jtag_cable_name =~ "Digilent Zybo Z7 210351AB76CAA" && level==0 && jtag_device_ctx=="jsn-Zybo Z7-210351AB76CAA-13722093-0"}' command is executed.
14:59:13 INFO  : Device configured successfully with "/home/user/workspace/rtcc_temp/_ide/bitstream/design_1_wrapper.bit"
14:59:13 INFO  : Context for 'APU' is selected.
14:59:13 INFO  : Hardware design and registers information is loaded from '/home/user/workspace/design_1_wrapper/export/design_1_wrapper/hw/design_1_wrapper.xsa'.
14:59:13 INFO  : 'configparams force-mem-access 1' command is executed.
14:59:13 INFO  : Context for 'APU' is selected.
14:59:13 INFO  : Sourcing of '/home/user/workspace/rtcc_temp/_ide/psinit/ps7_init.tcl' is done.
14:59:14 INFO  : 'ps7_init' command is executed.
14:59:14 INFO  : 'ps7_post_config' command is executed.
14:59:14 INFO  : Context for processor 'ps7_cortexa9_0' is selected.
14:59:14 INFO  : The application '/home/user/workspace/rtcc_temp/Debug/rtcc_temp.elf' is downloaded to processor 'ps7_cortexa9_0'.
14:59:14 INFO  : 'configparams force-mem-access 0' command is executed.
14:59:14 INFO  : ----------------XSDB Script----------------
connect -url tcp:127.0.0.1:3121
targets -set -nocase -filter {name =~"APU*"}
rst -system
after 3000
targets -set -filter {jtag_cable_name =~ "Digilent Zybo Z7 210351AB76CAA" && level==0 && jtag_device_ctx=="jsn-Zybo Z7-210351AB76CAA-13722093-0"}
fpga -file /home/user/workspace/rtcc_temp/_ide/bitstream/design_1_wrapper.bit
targets -set -nocase -filter {name =~"APU*"}
loadhw -hw /home/user/workspace/design_1_wrapper/export/design_1_wrapper/hw/design_1_wrapper.xsa -mem-ranges [list {0x40000000 0xbfffffff}] -regs
configparams force-mem-access 1
targets -set -nocase -filter {name =~"APU*"}
source /home/user/workspace/rtcc_temp/_ide/psinit/ps7_init.tcl
ps7_init
ps7_post_config
targets -set -nocase -filter {name =~ "*A9*#0"}
dow /home/user/workspace/rtcc_temp/Debug/rtcc_temp.elf
configparams force-mem-access 0
----------------End of Script----------------

15:02:22 INFO  : Disconnected from the channel tcfchan#9.
15:02:23 INFO  : Checking for BSP changes to sync application flags for project 'rtcc_temp'...
15:02:38 INFO  : Checking for BSP changes to sync application flags for project 'rtcc_temp'...
15:03:00 INFO  : Checking for BSP changes to sync application flags for project 'rtcc_temp'...
15:03:15 INFO  : Checking for BSP changes to sync application flags for project 'rtcc_temp'...
15:03:23 INFO  : Connected to target on host '127.0.0.1' and port '3121'.
15:03:24 INFO  : Jtag cable 'Digilent Zybo Z7 210351AB76CAA' is selected.
15:03:24 INFO  : 'jtag frequency' command is executed.
15:03:24 INFO  : Context for 'APU' is selected.
15:03:24 INFO  : System reset is completed.
15:03:27 INFO  : 'after 3000' command is executed.
15:03:27 INFO  : 'targets -set -filter {jtag_cable_name =~ "Digilent Zybo Z7 210351AB76CAA" && level==0 && jtag_device_ctx=="jsn-Zybo Z7-210351AB76CAA-13722093-0"}' command is executed.
15:03:28 INFO  : Device configured successfully with "/home/user/workspace/rtcc_temp/_ide/bitstream/design_1_wrapper.bit"
15:03:28 INFO  : Context for 'APU' is selected.
15:03:28 INFO  : Hardware design and registers information is loaded from '/home/user/workspace/design_1_wrapper/export/design_1_wrapper/hw/design_1_wrapper.xsa'.
15:03:28 INFO  : 'configparams force-mem-access 1' command is executed.
15:03:28 INFO  : Context for 'APU' is selected.
15:03:28 INFO  : Sourcing of '/home/user/workspace/rtcc_temp/_ide/psinit/ps7_init.tcl' is done.
15:03:28 INFO  : 'ps7_init' command is executed.
15:03:28 INFO  : 'ps7_post_config' command is executed.
15:03:28 INFO  : Context for processor 'ps7_cortexa9_0' is selected.
15:03:29 INFO  : The application '/home/user/workspace/rtcc_temp/Debug/rtcc_temp.elf' is downloaded to processor 'ps7_cortexa9_0'.
15:03:29 INFO  : 'configparams force-mem-access 0' command is executed.
15:03:29 INFO  : ----------------XSDB Script----------------
connect -url tcp:127.0.0.1:3121
targets -set -nocase -filter {name =~"APU*"}
rst -system
after 3000
targets -set -filter {jtag_cable_name =~ "Digilent Zybo Z7 210351AB76CAA" && level==0 && jtag_device_ctx=="jsn-Zybo Z7-210351AB76CAA-13722093-0"}
fpga -file /home/user/workspace/rtcc_temp/_ide/bitstream/design_1_wrapper.bit
targets -set -nocase -filter {name =~"APU*"}
loadhw -hw /home/user/workspace/design_1_wrapper/export/design_1_wrapper/hw/design_1_wrapper.xsa -mem-ranges [list {0x40000000 0xbfffffff}] -regs
configparams force-mem-access 1
targets -set -nocase -filter {name =~"APU*"}
source /home/user/workspace/rtcc_temp/_ide/psinit/ps7_init.tcl
ps7_init
ps7_post_config
targets -set -nocase -filter {name =~ "*A9*#0"}
dow /home/user/workspace/rtcc_temp/Debug/rtcc_temp.elf
configparams force-mem-access 0
----------------End of Script----------------

15:09:57 INFO  : Checking for BSP changes to sync application flags for project 'rtcc_temp'...
15:10:09 INFO  : Checking for BSP changes to sync application flags for project 'rtcc_temp'...
15:10:14 INFO  : Disconnected from the channel tcfchan#10.
15:10:15 INFO  : Connected to target on host '127.0.0.1' and port '3121'.
15:10:16 INFO  : Jtag cable 'Digilent Zybo Z7 210351AB76CAA' is selected.
15:10:16 INFO  : 'jtag frequency' command is executed.
15:10:16 INFO  : Context for 'APU' is selected.
15:10:16 INFO  : System reset is completed.
15:10:19 INFO  : 'after 3000' command is executed.
15:10:19 INFO  : 'targets -set -filter {jtag_cable_name =~ "Digilent Zybo Z7 210351AB76CAA" && level==0 && jtag_device_ctx=="jsn-Zybo Z7-210351AB76CAA-13722093-0"}' command is executed.
15:10:20 INFO  : Device configured successfully with "/home/user/workspace/rtcc_temp/_ide/bitstream/design_1_wrapper.bit"
15:10:20 INFO  : Context for 'APU' is selected.
15:10:21 INFO  : Hardware design and registers information is loaded from '/home/user/workspace/design_1_wrapper/export/design_1_wrapper/hw/design_1_wrapper.xsa'.
15:10:21 INFO  : 'configparams force-mem-access 1' command is executed.
15:10:21 INFO  : Context for 'APU' is selected.
15:10:21 INFO  : Sourcing of '/home/user/workspace/rtcc_temp/_ide/psinit/ps7_init.tcl' is done.
15:10:22 INFO  : 'ps7_init' command is executed.
15:10:22 INFO  : 'ps7_post_config' command is executed.
15:10:22 INFO  : Context for processor 'ps7_cortexa9_0' is selected.
15:10:22 INFO  : The application '/home/user/workspace/rtcc_temp/Debug/rtcc_temp.elf' is downloaded to processor 'ps7_cortexa9_0'.
15:10:22 INFO  : 'configparams force-mem-access 0' command is executed.
15:10:22 INFO  : ----------------XSDB Script----------------
connect -url tcp:127.0.0.1:3121
targets -set -nocase -filter {name =~"APU*"}
rst -system
after 3000
targets -set -filter {jtag_cable_name =~ "Digilent Zybo Z7 210351AB76CAA" && level==0 && jtag_device_ctx=="jsn-Zybo Z7-210351AB76CAA-13722093-0"}
fpga -file /home/user/workspace/rtcc_temp/_ide/bitstream/design_1_wrapper.bit
targets -set -nocase -filter {name =~"APU*"}
loadhw -hw /home/user/workspace/design_1_wrapper/export/design_1_wrapper/hw/design_1_wrapper.xsa -mem-ranges [list {0x40000000 0xbfffffff}] -regs
configparams force-mem-access 1
targets -set -nocase -filter {name =~"APU*"}
source /home/user/workspace/rtcc_temp/_ide/psinit/ps7_init.tcl
ps7_init
ps7_post_config
targets -set -nocase -filter {name =~ "*A9*#0"}
dow /home/user/workspace/rtcc_temp/Debug/rtcc_temp.elf
configparams force-mem-access 0
----------------End of Script----------------

15:10:36 INFO  : Launching XSCT server: xsct -n  -interactive /home/user/workspace/temp_xsdb_launch_script.tcl
15:10:38 INFO  : Platform repository initialization has completed.
15:10:38 INFO  : Registering command handlers for Vitis TCF services
15:10:40 INFO  : XSCT server has started successfully.
15:10:40 INFO  : Successfully done setting XSCT server connection channel  
15:10:40 INFO  : plnx-install-location is set to ''
15:10:40 INFO  : Successfully done setting workspace for the tool. 
15:10:40 INFO  : Successfully done query RDI_DATADIR 
15:11:05 INFO  : Checking for BSP changes to sync application flags for project 'rtcc_temp'...
15:11:12 INFO  : Connected to target on host '127.0.0.1' and port '3121'.
15:11:12 INFO  : Jtag cable 'Digilent Zybo Z7 210351AB76CAA' is selected.
15:11:12 INFO  : 'jtag frequency' command is executed.
15:11:12 INFO  : Context for 'APU' is selected.
15:11:12 INFO  : System reset is completed.
15:11:15 INFO  : 'after 3000' command is executed.
15:11:15 INFO  : 'targets -set -filter {jtag_cable_name =~ "Digilent Zybo Z7 210351AB76CAA" && level==0 && jtag_device_ctx=="jsn-Zybo Z7-210351AB76CAA-13722093-0"}' command is executed.
15:11:17 INFO  : Device configured successfully with "/home/user/workspace/rtcc_temp/_ide/bitstream/design_1_wrapper.bit"
15:11:17 INFO  : Context for 'APU' is selected.
15:11:17 INFO  : Hardware design and registers information is loaded from '/home/user/workspace/design_1_wrapper/export/design_1_wrapper/hw/design_1_wrapper.xsa'.
15:11:17 INFO  : 'configparams force-mem-access 1' command is executed.
15:11:17 INFO  : Context for 'APU' is selected.
15:11:17 INFO  : Sourcing of '/home/user/workspace/rtcc_temp/_ide/psinit/ps7_init.tcl' is done.
15:11:17 INFO  : 'ps7_init' command is executed.
15:11:17 INFO  : 'ps7_post_config' command is executed.
15:11:17 INFO  : Context for processor 'ps7_cortexa9_0' is selected.
15:11:17 INFO  : The application '/home/user/workspace/rtcc_temp/Debug/rtcc_temp.elf' is downloaded to processor 'ps7_cortexa9_0'.
15:11:17 INFO  : 'configparams force-mem-access 0' command is executed.
15:11:17 INFO  : ----------------XSDB Script----------------
connect -url tcp:127.0.0.1:3121
targets -set -nocase -filter {name =~"APU*"}
rst -system
after 3000
targets -set -filter {jtag_cable_name =~ "Digilent Zybo Z7 210351AB76CAA" && level==0 && jtag_device_ctx=="jsn-Zybo Z7-210351AB76CAA-13722093-0"}
fpga -file /home/user/workspace/rtcc_temp/_ide/bitstream/design_1_wrapper.bit
targets -set -nocase -filter {name =~"APU*"}
loadhw -hw /home/user/workspace/design_1_wrapper/export/design_1_wrapper/hw/design_1_wrapper.xsa -mem-ranges [list {0x40000000 0xbfffffff}] -regs
configparams force-mem-access 1
targets -set -nocase -filter {name =~"APU*"}
source /home/user/workspace/rtcc_temp/_ide/psinit/ps7_init.tcl
ps7_init
ps7_post_config
targets -set -nocase -filter {name =~ "*A9*#0"}
dow /home/user/workspace/rtcc_temp/Debug/rtcc_temp.elf
configparams force-mem-access 0
----------------End of Script----------------

15:14:03 INFO  : Disconnected from the channel tcfchan#1.
15:15:02 INFO  : Connected to target on host '127.0.0.1' and port '3121'.
15:15:02 INFO  : 'targets -set -filter {jtag_cable_name =~ "Digilent Zybo Z7 210351AB76CAA" && level==0 && jtag_device_ctx=="jsn-Zybo Z7-210351AB76CAA-13722093-0"}' command is executed.
15:15:03 INFO  : Device configured successfully with "/home/user/workspace/tmp_test/_ide/bitstream/design_1_wrapper.bit"
15:15:14 INFO  : Checking for BSP changes to sync application flags for project 'tmp_test'...
15:15:17 INFO  : Connected to target on host '127.0.0.1' and port '3121'.
15:15:18 INFO  : Jtag cable 'Digilent Zybo Z7 210351AB76CAA' is selected.
15:15:18 INFO  : 'jtag frequency' command is executed.
15:15:18 INFO  : Context for 'APU' is selected.
15:15:18 INFO  : System reset is completed.
15:15:21 INFO  : 'after 3000' command is executed.
15:15:21 INFO  : 'targets -set -filter {jtag_cable_name =~ "Digilent Zybo Z7 210351AB76CAA" && level==0 && jtag_device_ctx=="jsn-Zybo Z7-210351AB76CAA-13722093-0"}' command is executed.
15:15:22 INFO  : Device configured successfully with "/home/user/workspace/tmp_test/_ide/bitstream/design_1_wrapper.bit"
15:15:22 INFO  : Context for 'APU' is selected.
15:15:22 INFO  : Hardware design and registers information is loaded from '/home/user/workspace/design_1_wrapper/export/design_1_wrapper/hw/design_1_wrapper.xsa'.
15:15:22 INFO  : 'configparams force-mem-access 1' command is executed.
15:15:22 INFO  : Context for 'APU' is selected.
15:15:22 INFO  : Sourcing of '/home/user/workspace/tmp_test/_ide/psinit/ps7_init.tcl' is done.
15:15:22 INFO  : 'ps7_init' command is executed.
15:15:22 INFO  : 'ps7_post_config' command is executed.
15:15:22 INFO  : Context for processor 'ps7_cortexa9_0' is selected.
15:15:22 INFO  : The application '/home/user/workspace/tmp_test/Debug/tmp_test.elf' is downloaded to processor 'ps7_cortexa9_0'.
15:15:22 INFO  : 'configparams force-mem-access 0' command is executed.
15:15:22 INFO  : ----------------XSDB Script----------------
connect -url tcp:127.0.0.1:3121
targets -set -nocase -filter {name =~"APU*"}
rst -system
after 3000
targets -set -filter {jtag_cable_name =~ "Digilent Zybo Z7 210351AB76CAA" && level==0 && jtag_device_ctx=="jsn-Zybo Z7-210351AB76CAA-13722093-0"}
fpga -file /home/user/workspace/tmp_test/_ide/bitstream/design_1_wrapper.bit
targets -set -nocase -filter {name =~"APU*"}
loadhw -hw /home/user/workspace/design_1_wrapper/export/design_1_wrapper/hw/design_1_wrapper.xsa -mem-ranges [list {0x40000000 0xbfffffff}] -regs
configparams force-mem-access 1
targets -set -nocase -filter {name =~"APU*"}
source /home/user/workspace/tmp_test/_ide/psinit/ps7_init.tcl
ps7_init
ps7_post_config
targets -set -nocase -filter {name =~ "*A9*#0"}
dow /home/user/workspace/tmp_test/Debug/tmp_test.elf
configparams force-mem-access 0
----------------End of Script----------------

15:15:46 INFO  : Disconnected from the channel tcfchan#2.
15:16:28 INFO  : Checking for BSP changes to sync application flags for project 'rtcc_temp'...
15:16:34 INFO  : Connected to target on host '127.0.0.1' and port '3121'.
15:16:35 INFO  : Jtag cable 'Digilent Zybo Z7 210351AB76CAA' is selected.
15:16:35 INFO  : 'jtag frequency' command is executed.
15:16:35 INFO  : Context for 'APU' is selected.
15:16:35 INFO  : System reset is completed.
15:16:38 INFO  : 'after 3000' command is executed.
15:16:38 INFO  : 'targets -set -filter {jtag_cable_name =~ "Digilent Zybo Z7 210351AB76CAA" && level==0 && jtag_device_ctx=="jsn-Zybo Z7-210351AB76CAA-13722093-0"}' command is executed.
15:16:39 INFO  : Device configured successfully with "/home/user/workspace/rtcc_temp/_ide/bitstream/design_1_wrapper.bit"
15:16:39 INFO  : Context for 'APU' is selected.
15:16:39 INFO  : Hardware design and registers information is loaded from '/home/user/workspace/design_1_wrapper/export/design_1_wrapper/hw/design_1_wrapper.xsa'.
15:16:39 INFO  : 'configparams force-mem-access 1' command is executed.
15:16:39 INFO  : Context for 'APU' is selected.
15:16:39 INFO  : Sourcing of '/home/user/workspace/rtcc_temp/_ide/psinit/ps7_init.tcl' is done.
15:16:39 INFO  : 'ps7_init' command is executed.
15:16:39 INFO  : 'ps7_post_config' command is executed.
15:16:39 INFO  : Context for processor 'ps7_cortexa9_0' is selected.
15:16:40 INFO  : The application '/home/user/workspace/rtcc_temp/Debug/rtcc_temp.elf' is downloaded to processor 'ps7_cortexa9_0'.
15:16:40 INFO  : 'configparams force-mem-access 0' command is executed.
15:16:40 INFO  : ----------------XSDB Script----------------
connect -url tcp:127.0.0.1:3121
targets -set -nocase -filter {name =~"APU*"}
rst -system
after 3000
targets -set -filter {jtag_cable_name =~ "Digilent Zybo Z7 210351AB76CAA" && level==0 && jtag_device_ctx=="jsn-Zybo Z7-210351AB76CAA-13722093-0"}
fpga -file /home/user/workspace/rtcc_temp/_ide/bitstream/design_1_wrapper.bit
targets -set -nocase -filter {name =~"APU*"}
loadhw -hw /home/user/workspace/design_1_wrapper/export/design_1_wrapper/hw/design_1_wrapper.xsa -mem-ranges [list {0x40000000 0xbfffffff}] -regs
configparams force-mem-access 1
targets -set -nocase -filter {name =~"APU*"}
source /home/user/workspace/rtcc_temp/_ide/psinit/ps7_init.tcl
ps7_init
ps7_post_config
targets -set -nocase -filter {name =~ "*A9*#0"}
dow /home/user/workspace/rtcc_temp/Debug/rtcc_temp.elf
configparams force-mem-access 0
----------------End of Script----------------

15:16:55 INFO  : Disconnected from the channel tcfchan#3.
15:16:55 INFO  : Checking for BSP changes to sync application flags for project 'rtcc_temp'...
15:17:03 INFO  : Connected to target on host '127.0.0.1' and port '3121'.
15:17:03 INFO  : Jtag cable 'Digilent Zybo Z7 210351AB76CAA' is selected.
15:17:03 INFO  : 'jtag frequency' command is executed.
15:17:03 INFO  : Context for 'APU' is selected.
15:17:03 INFO  : System reset is completed.
15:17:06 INFO  : 'after 3000' command is executed.
15:17:06 INFO  : 'targets -set -filter {jtag_cable_name =~ "Digilent Zybo Z7 210351AB76CAA" && level==0 && jtag_device_ctx=="jsn-Zybo Z7-210351AB76CAA-13722093-0"}' command is executed.
15:17:07 INFO  : Device configured successfully with "/home/user/workspace/rtcc_temp/_ide/bitstream/design_1_wrapper.bit"
15:17:07 INFO  : Context for 'APU' is selected.
15:17:07 INFO  : Hardware design and registers information is loaded from '/home/user/workspace/design_1_wrapper/export/design_1_wrapper/hw/design_1_wrapper.xsa'.
15:17:07 INFO  : 'configparams force-mem-access 1' command is executed.
15:17:07 INFO  : Context for 'APU' is selected.
15:17:07 INFO  : Sourcing of '/home/user/workspace/rtcc_temp/_ide/psinit/ps7_init.tcl' is done.
15:17:08 INFO  : 'ps7_init' command is executed.
15:17:08 INFO  : 'ps7_post_config' command is executed.
15:17:08 INFO  : Context for processor 'ps7_cortexa9_0' is selected.
15:17:08 INFO  : The application '/home/user/workspace/rtcc_temp/Debug/rtcc_temp.elf' is downloaded to processor 'ps7_cortexa9_0'.
15:17:08 INFO  : 'configparams force-mem-access 0' command is executed.
15:17:08 INFO  : ----------------XSDB Script----------------
connect -url tcp:127.0.0.1:3121
targets -set -nocase -filter {name =~"APU*"}
rst -system
after 3000
targets -set -filter {jtag_cable_name =~ "Digilent Zybo Z7 210351AB76CAA" && level==0 && jtag_device_ctx=="jsn-Zybo Z7-210351AB76CAA-13722093-0"}
fpga -file /home/user/workspace/rtcc_temp/_ide/bitstream/design_1_wrapper.bit
targets -set -nocase -filter {name =~"APU*"}
loadhw -hw /home/user/workspace/design_1_wrapper/export/design_1_wrapper/hw/design_1_wrapper.xsa -mem-ranges [list {0x40000000 0xbfffffff}] -regs
configparams force-mem-access 1
targets -set -nocase -filter {name =~"APU*"}
source /home/user/workspace/rtcc_temp/_ide/psinit/ps7_init.tcl
ps7_init
ps7_post_config
targets -set -nocase -filter {name =~ "*A9*#0"}
dow /home/user/workspace/rtcc_temp/Debug/rtcc_temp.elf
configparams force-mem-access 0
----------------End of Script----------------

15:31:23 INFO  : Disconnected from the channel tcfchan#4.
15:32:29 WARN  : An unexpected exception occurred in the module 'platform project logging'
